[uo_nn_batch]  Starts
   [uosolLog]
   f  = @(w)nn.L(w,Xtr,ytr)
   epsG = 1.0e-02, maxiter =  100
   iAC = 4 (NW32)
      c1 = 0.01, c2 = 0.90
   isd = 1 (GM)
   ek = fk-f*
      k     g'*d        al  AC    ||g||        f         r        M
      1 -1.2e-01 +7.42e-01 SWC +3.5e-01 +2.5e-01 +6.66e-01 +2.7e+00
      2 -7.4e-02 +5.35e-01 SWC +2.7e-01 +1.7e-01 +7.77e-01 +4.8e+00
      3 -5.1e-02 +9.15e-01 SWC +2.3e-01 +1.3e-01 +6.80e-01 +5.4e+00
      4 -2.7e-02 +7.34e-01 SWC +1.7e-01 +9.2e-02 +7.87e-01 +9.2e+00
      5 -1.8e-02 +1.46e+00 SWC +1.4e-01 +7.4e-02 +6.65e-01 +9.9e+00
      6 -9.1e-03 +2.64e+00 SWC +9.5e-02 +5.1e-02 +5.74e-01 +1.3e+01
      7 -3.5e-03 +5.60e+00 SWC +6.0e-02 +3.2e-02 +4.32e-01 +1.7e+01
      8 -9.7e-04 +4.84e+00 SWC +3.1e-02 +1.7e-02 +6.34e-01 +5.7e+01
      9 -5.4e-04 +7.15e+00 SWC +2.3e-02 +1.3e-02 +5.32e-01 +7.5e+01
     10 -2.8e-04 +6.82e+00 SWC +1.7e-02 +1.0e-02 +5.36e-01 +1.4e+02
     11 -1.8e-04 +1.29e+01 SWC +1.4e-02 +8.4e-03 +5.36e-01 +1.4e+02
     12                        +9.8e-03 +6.4e-03
      k     g'*d        al  AC    ||g||        f         r        M
   la1 = +1.0e+00, lan = +1.0e+00, rUB = +0.00 
   [uosolLog]

tr_acc =

   99.9440


te_acc =

   100

   [uosolLog]
   f  = @(w)nn.L(w,Xtr,ytr)
   epsG = 1.0e-02, maxiter =  100
   iAC = 4 (NW32)
      c1 = 0.01, c2 = 0.90
   isd = 3 (BFGS)
   ek = fk-f*
      k     g'*d        al  AC   la1(H)     k(H)  cos(th)    ||g||        f         r        M
      1 -1.2e-01 +7.42e-01 SWC +1.0e+00 +1.0e+00 +1.0e+00 +3.5e-01 +2.5e-01 +6.67e-01 +2.7e+00
      2 -2.5e-01 +6.33e-01 SWC +9.9e-01 +3.4e+00 +1.0e+00 +2.7e-01 +1.7e-01 +3.43e-01 +2.1e+00
      3 -4.7e-02 +4.16e-01 SWC +9.9e-01 +3.7e+00 +1.0e+00 +1.1e-01 +6.1e-02 +7.02e-01 +1.3e+01
      4 -3.9e-02 +7.14e-01 SWC +9.9e-01 +5.7e+00 +1.0e+00 +8.3e-02 +4.5e-02 +4.76e-01 +1.2e+01
      5 -1.7e-02 +6.64e-01 SWC +9.9e-01 +8.6e+00 +1.0e+00 +4.4e-02 +2.4e-02 +5.35e-01 +2.9e+01
      6 -1.1e-02 +1.59e+00 SWC +9.9e-01 +1.5e+01 +9.9e-01 +2.7e-02 +1.6e-02 +5.35e-01 +2.9e+01
      7                                                   +8.4e-03 +5.6e-03
      k     g'*d        al  AC   la1(H)     k(H)  cos(th)    ||g||        f         r        M
   [uosolLog]

tr_acc =

   99.9440


te_acc =

   100

   [uosolLog]
   f  = @(w)nn.L(w,Xtr,ytr)
   epsG = 1.0e-02, maxiter =  100
   iAC = 4 (NW32)
      c1 = 0.01, c2 = 0.90
   isd = 1 (GM)
   ek = fk-f*
      k     g'*d        al  AC    ||g||        f         r        M
      1 -1.2e-01 +7.42e-01 SWC +3.5e-01 +2.5e-01 +5.64e-01 +3.1e+00
      2 -6.7e-02 +5.44e-01 SWC +2.6e-01 +1.7e-01 +6.82e-01 +6.6e+00
      3 -4.3e-02 +3.12e-01 SWC +2.1e-01 +1.4e-01 +8.21e-01 +1.2e+01
      4 -3.4e-02 +4.70e-01 SWC +1.8e-01 +1.2e-01 +7.47e-01 +1.3e+01
      5 -2.4e-02 +3.61e-01 SWC +1.5e-01 +1.1e-01 +8.12e-01 +1.9e+01
      6 -1.9e-02 +6.98e-01 SWC +1.4e-01 +1.0e-01 +6.69e-01 +1.9e+01
      7 -1.2e-02 +1.22e+00 SWC +1.1e-01 +9.0e-02 +4.99e-01 +2.1e+01
      8 -5.2e-03 +2.59e+00 SWC +7.2e-02 +7.9e-02 +2.03e-01 +1.7e+01
      9 -9.1e-04 +2.37e+00 SWC +3.0e-02 +6.9e-02 +2.98e-01 +1.3e+02
     10 -2.8e-04 +3.80e+00 SWC +1.7e-02 +6.8e-02 +2.98e-01 +1.3e+02
     11                        +6.0e-03 +6.7e-02
      k     g'*d        al  AC    ||g||        f         r        M
   la1 = +1.0e+00, lan = +1.0e+00, rUB = +0.00 
   [uosolLog]

tr_acc =

   99.9400


te_acc =

   100

   [uosolLog]
   f  = @(w)nn.L(w,Xtr,ytr)
   epsG = 1.0e-02, maxiter =  100
   iAC = 4 (NW32)
      c1 = 0.01, c2 = 0.90
   isd = 3 (BFGS)
   ek = fk-f*
      k     g'*d        al  AC   la1(H)     k(H)  cos(th)    ||g||        f         r        M
      1 -1.2e-01 +7.42e-01 SWC +1.0e+00 +1.0e+00 +1.0e+00 +3.5e-01 +2.5e-01 +5.64e-01 +3.1e+00
      2 -1.9e-01 +6.46e-01 SWC +9.9e-01 +2.9e+00 +1.0e+00 +2.6e-01 +1.7e-01 +1.93e-01 +1.9e+00
      3 -2.8e-02 +4.32e-01 SWC +9.9e-01 +3.0e+00 +1.0e+00 +9.8e-02 +8.7e-02 +4.94e-01 +2.5e+01
      4 -1.6e-02 +7.46e-01 SWC +9.9e-01 +3.9e+00 +1.0e+00 +6.5e-02 +7.7e-02 +1.67e-01 +1.7e+01
      5 -2.8e-03 +7.12e-01 SWC +9.9e-01 +4.7e+00 +9.9e-01 +2.5e-02 +6.9e-02 +1.48e-01 +9.0e+01
      6 -5.8e-04 +1.73e+00 SWC +9.9e-01 +5.5e+00 +9.4e-01 +1.1e-02 +6.7e-02 +1.48e-01 +9.0e+01
      7                                                   +7.4e-03 +6.7e-02
      k     g'*d        al  AC   la1(H)     k(H)  cos(th)    ||g||        f         r        M
   [uosolLog]

tr_acc =

   99.9400


te_acc =

   100

   [uosolLog]
   f  = @(w)nn.L(w,Xtr,ytr)
   epsG = 1.0e-02, maxiter =  100
   iAC = 4 (NW32)
      c1 = 0.01, c2 = 0.90
   isd = 1 (GM)
   ek = fk-f*
      k     g'*d        al  AC    ||g||        f         r        M
      1 -1.2e-01 +7.42e-01 SWC +3.5e-01 +2.5e-01 +4.98e-01 +3.2e+00
      2 -6.1e-02 +5.53e-01 SWC +2.5e-01 +1.7e-01 +6.18e-01 +8.0e+00
      3 -3.6e-02 +3.21e-01 SWC +1.9e-01 +1.4e-01 +7.75e-01 +1.6e+01
      4 -2.7e-02 +4.89e-01 SWC +1.6e-01 +1.3e-01 +6.79e-01 +1.8e+01
      5 -1.8e-02 +3.81e-01 SWC +1.3e-01 +1.2e-01 +7.53e-01 +3.0e+01
      6 -1.3e-02 +7.46e-01 SWC +1.1e-01 +1.1e-01 +5.62e-01 +3.0e+01
      7 -6.9e-03 +1.34e+00 SWC +8.3e-02 +1.1e-01 +3.28e-01 +3.1e+01
      8 -2.1e-03 +2.98e+00 SWC +4.6e-02 +9.8e-02 +3.28e-01 +3.1e+01
      9                        +6.7e-03 +9.5e-02
      k     g'*d        al  AC    ||g||        f         r        M
   la1 = +1.0e+00, lan = +1.0e+00, rUB = +0.00 
   [uosolLog]

tr_acc =

   99.9400


te_acc =

   100

   [uosolLog]
   f  = @(w)nn.L(w,Xtr,ytr)
   epsG = 1.0e-02, maxiter =  100
   iAC = 4 (NW32)
      c1 = 0.01, c2 = 0.90
   isd = 3 (BFGS)
   ek = fk-f*
      k     g'*d        al  AC   la1(H)     k(H)  cos(th)    ||g||        f         r        M
      1 -1.2e-01 +7.42e-01 SWC +1.0e+00 +1.0e+00 +1.0e+00 +3.5e-01 +2.5e-01 +4.98e-01 +3.2e+00
      2 -1.5e-01 +6.52e-01 SWC +9.9e-01 +2.5e+00 +1.0e+00 +2.5e-01 +1.7e-01 +1.50e-01 +1.9e+00
      3 -1.9e-02 +4.42e-01 SWC +9.9e-01 +2.5e+00 +1.0e+00 +8.7e-02 +1.1e-01 +4.15e-01 +3.6e+01
      4 -8.7e-03 +7.67e-01 SWC +9.9e-01 +3.0e+00 +1.0e+00 +5.4e-02 +9.9e-02 +9.76e-02 +2.0e+01
      5 -9.5e-04 +7.40e-01 SWC +9.8e-01 +3.3e+00 +9.8e-01 +1.7e-02 +9.5e-02 +9.76e-02 +2.0e+01
      6                                                   +7.1e-03 +9.5e-02
      k     g'*d        al  AC   la1(H)     k(H)  cos(th)    ||g||        f         r        M
   [uosolLog]

tr_acc =

   99.9400


te_acc =

   100

   [uosolLog]
   f  = @(w)nn.L(w,Xtr,ytr)
   epsG = 1.0e-02, maxiter =  100
   iAC = 4 (NW32)
      c1 = 0.01, c2 = 0.90
   isd = 1 (GM)
   ek = fk-f*
      k     g'*d        al  AC    ||g||        f         r        M
      1 -8.2e-02 +7.42e-01 SWC +2.9e-01 +2.5e-01 +7.70e-01 +3.3e+00
      2 -5.3e-02 +5.17e-01 SWC +2.3e-01 +2.0e-01 +8.58e-01 +4.8e+00
      3 -4.1e-02 +8.63e-01 SWC +2.0e-01 +1.7e-01 +7.93e-01 +5.1e+00
      4 -2.7e-02 +6.71e-01 SWC +1.6e-01 +1.4e-01 +8.64e-01 +7.0e+00
      5 -2.0e-02 +1.31e+00 SWC +1.4e-01 +1.2e-01 +7.84e-01 +7.4e+00
      6 -1.2e-02 +2.31e+00 SWC +1.1e-01 +9.9e-02 +7.29e-01 +8.8e+00
      7 -5.6e-03 +4.77e+00 SWC +7.5e-02 +7.7e-02 +6.56e-01 +1.1e+01
      8 -2.1e-03 +3.91e+00 SWC +4.6e-02 +5.6e-02 +8.09e-01 +2.0e+01
      9 -1.5e-03 +5.52e+00 SWC +3.8e-02 +4.8e-02 +7.68e-01 +2.4e+01
     10 -1.0e-03 +5.02e+00 SWC +3.2e-02 +4.1e-02 +8.04e-01 +3.3e+01
     11 -8.0e-04 +9.15e+00 SWC +2.8e-02 +3.6e-02 +6.70e-01 +3.4e+01
     12 -5.2e-04 +6.05e+00 SWC +2.3e-02 +2.9e-02 +7.79e-01 +5.9e+01
     13 -4.0e-04 +1.24e+01 SWC +2.0e-02 +2.7e-02 +5.75e-01 +5.6e+01
     14 -2.7e-04 +1.49e+01 SWC +1.7e-02 +2.2e-02 +5.06e-01 +8.5e+01
     15 -3.9e-04 +4.44e+00 SWC +2.0e-02 +1.9e-02 +6.33e-01 +2.1e+02
     16 -1.5e-04 +5.05e+00 SWC +1.2e-02 +1.8e-02 +6.36e-01 +3.3e+02
     17 -1.2e-04 +1.04e+01 SWC +1.1e-02 +1.7e-02 +6.36e-01 +3.3e+02
     18                        +1.0e-02 +1.6e-02
      k     g'*d        al  AC    ||g||        f         r        M
   la1 = +1.0e+00, lan = +1.0e+00, rUB = +0.00 
   [uosolLog]

tr_acc =

   99.3240


te_acc =

   99.3200

   [uosolLog]
   f  = @(w)nn.L(w,Xtr,ytr)
   epsG = 1.0e-02, maxiter =  100
   iAC = 4 (NW32)
      c1 = 0.01, c2 = 0.90
   isd = 3 (BFGS)
   ek = fk-f*
      k     g'*d        al  AC   la1(H)     k(H)  cos(th)    ||g||        f         r        M
      1 -8.2e-02 +7.42e-01 SWC +1.0e+00 +1.0e+00 +1.0e+00 +2.9e-01 +2.5e-01 +7.73e-01 +3.3e+00
      2 -2.4e-01 +6.03e-01 SWC +7.0e-01 +6.4e+00 +1.0e+00 +2.3e-01 +2.0e-01 +4.56e-01 +2.5e+00
      3 -5.0e-02 +3.95e-01 SWC +7.0e-01 +6.9e+00 +9.9e-01 +1.0e-01 +9.6e-02 +7.97e-01 +9.5e+00
      4 -4.0e-02 +6.70e-01 SWC +7.0e-01 +1.0e+01 +9.8e-01 +7.7e-02 +7.9e-02 +6.92e-01 +1.0e+01
      5 -2.0e-02 +6.11e-01 SWC +7.0e-01 +1.5e+01 +9.2e-01 +4.7e-02 +5.9e-02 +7.90e-01 +1.7e+01
      6 -1.5e-02 +1.42e+00 SWC +7.0e-01 +2.6e+01 +8.1e-01 +3.6e-02 +4.9e-02 +6.33e-01 +1.7e+01
      7 -5.5e-03 +3.27e+00 SWC +7.1e-01 +5.7e+01 +4.3e-01 +2.9e-02 +3.6e-02 +5.53e-01 +2.4e+01
      8 -3.8e-03 +1.51e+01 SWC +7.1e-01 +2.4e+02 +1.9e-01 +2.8e-02 +2.5e-02 +5.53e-01 +2.4e+01
      9                                                   +7.0e-03 +1.3e-02
      k     g'*d        al  AC   la1(H)     k(H)  cos(th)    ||g||        f         r        M
   [uosolLog]

tr_acc =

   98.3800


te_acc =

   98.3600

   [uosolLog]
   f  = @(w)nn.L(w,Xtr,ytr)
   epsG = 1.0e-02, maxiter =  100
   iAC = 4 (NW32)
      c1 = 0.01, c2 = 0.90
   isd = 1 (GM)
   ek = fk-f*
      k     g'*d        al  AC    ||g||        f         r        M
      1 -8.2e-02 +7.42e-01 SWC +2.9e-01 +2.5e-01 +6.49e-01 +4.3e+00
      2 -4.8e-02 +5.26e-01 SWC +2.2e-01 +2.0e-01 +7.60e-01 +7.8e+00
      3 -3.5e-02 +8.89e-01 SWC +1.9e-01 +1.7e-01 +6.31e-01 +8.5e+00
      4 -2.0e-02 +7.08e-01 SWC +1.4e-01 +1.5e-01 +7.24e-01 +1.5e+01
      5 -1.3e-02 +1.41e+00 SWC +1.2e-01 +1.3e-01 +5.36e-01 +1.6e+01
      6 -6.1e-03 +2.58e+00 SWC +7.8e-02 +1.2e-01 +3.59e-01 +2.0e+01
      7 -1.6e-03 +5.68e+00 SWC +4.0e-02 +1.1e-01 +1.90e-01 +2.9e+01
      8 -1.9e-04 +5.00e+00 SWC +1.4e-02 +1.0e-01 +3.82e-01 +3.1e+02
      9 -1.0e-04 +5.20e+00 SWC +1.0e-02 +1.0e-01 +5.78e-01 +1.2e+03
     10 -3.0e-04 +1.76e+00 SWC +1.7e-02 +1.0e-01 +4.42e-01 +1.6e+03
     11 -1.1e-04 +2.46e+00 SWC +1.1e-02 +1.0e-01 +7.14e-01 +5.9e+03
     12 -1.4e-04 +1.47e+00 SWC +1.2e-02 +1.0e-01 +7.14e-01 +5.9e+03
     13                        +5.1e-03 +1.0e-01
      k     g'*d        al  AC    ||g||        f         r        M
   la1 = +1.0e+00, lan = +1.0e+00, rUB = +0.00 
   [uosolLog]

tr_acc =

   95.6400


te_acc =

   95.8800

   [uosolLog]
   f  = @(w)nn.L(w,Xtr,ytr)
   epsG = 1.0e-02, maxiter =  100
   iAC = 4 (NW32)
      c1 = 0.01, c2 = 0.90
   isd = 3 (BFGS)
   ek = fk-f*
      k     g'*d        al  AC   la1(H)     k(H)  cos(th)    ||g||        f         r        M
      1 -8.2e-02 +7.42e-01 SWC +1.0e+00 +1.0e+00 +1.0e+00 +2.9e-01 +2.5e-01 +6.49e-01 +4.3e+00
      2 -1.8e-01 +6.25e-01 SWC +7.2e-01 +5.2e+00 +1.0e+00 +2.2e-01 +2.0e-01 +2.13e-01 +2.2e+00
      3 -2.6e-02 +4.18e-01 SWC +7.2e-01 +5.3e+00 +9.9e-01 +8.4e-02 +1.2e-01 +5.63e-01 +2.7e+01
      4 -1.5e-02 +7.14e-01 SWC +7.2e-01 +6.5e+00 +9.9e-01 +5.7e-02 +1.1e-01 +3.76e-01 +3.2e+01
      5 -3.3e-03 +6.57e-01 SWC +7.2e-01 +7.8e+00 +8.9e-01 +2.8e-02 +1.0e-01 +6.36e-01 +1.4e+02
      6 -1.4e-03 +1.49e+00 SWC +7.2e-01 +9.6e+00 +7.7e-01 +2.0e-02 +1.0e-01 +6.35e-01 +2.3e+02
      7 -4.3e-04 +2.55e+00 SWC +7.2e-01 +1.2e+01 +9.6e-01 +1.9e-02 +1.0e-01 +4.72e-01 +2.7e+02
      8 -2.1e-03 +1.24e+00 SWC +7.2e-01 +2.0e+01 +9.4e-01 +1.4e-02 +1.0e-01 +4.72e-01 +2.7e+02
      9                                                   +7.1e-03 +1.0e-01
      k     g'*d        al  AC   la1(H)     k(H)  cos(th)    ||g||        f         r        M
   [uosolLog]

tr_acc =

   96.7480


te_acc =

   96.5600

   [uosolLog]
   f  = @(w)nn.L(w,Xtr,ytr)
   epsG = 1.0e-02, maxiter =  100
   iAC = 4 (NW32)
      c1 = 0.01, c2 = 0.90
   isd = 1 (GM)
   ek = fk-f*
      k     g'*d        al  AC    ||g||        f         r        M
      1 -8.2e-02 +2.52e-01 SWC +2.9e-01 +2.5e-01 +8.39e-01 +6.9e+00
      2 -6.7e-02 +3.45e-01 SWC +2.6e-01 +2.3e-01 +7.89e-01 +7.7e+00
      3 -5.1e-02 +3.65e-01 SWC +2.3e-01 +2.1e-01 +7.84e-01 +9.7e+00
      4 -3.9e-02 +5.52e-01 SWC +2.0e-01 +1.9e-01 +6.89e-01 +1.1e+01
      5 -2.6e-02 +4.28e-01 SWC +1.6e-01 +1.7e-01 +7.60e-01 +1.7e+01
      6 -1.9e-02 +8.36e-01 SWC +1.4e-01 +1.6e-01 +5.75e-01 +1.7e+01
      7 -1.1e-02 +1.50e+00 SWC +1.0e-01 +1.5e-01 +3.55e-01 +1.9e+01
      8 -3.3e-03 +3.30e+00 SWC +5.8e-02 +1.3e-01 +6.68e-02 +9.9e+00
      9 -1.9e-04 +2.95e+00 SWC +1.4e-02 +1.3e-01 +6.68e-02 +9.9e+00
     10                        +8.7e-03 +1.3e-01
      k     g'*d        al  AC    ||g||        f         r        M
   la1 = +1.0e+00, lan = +1.0e+00, rUB = +0.00 
   [uosolLog]

tr_acc =

   94.8160


te_acc =

   95.1200

   [uosolLog]
   f  = @(w)nn.L(w,Xtr,ytr)
   epsG = 1.0e-02, maxiter =  100
   iAC = 4 (NW32)
      c1 = 0.01, c2 = 0.90
   isd = 3 (BFGS)
   ek = fk-f*
      k     g'*d        al  AC   la1(H)     k(H)  cos(th)    ||g||        f         r        M
      1 -8.2e-02 +2.52e-01 SWC +1.0e+00 +1.0e+00 +1.0e+00 +2.9e-01 +2.5e-01 +8.39e-01 +6.9e+00
      2 -2.1e-01 +3.70e-01 SWC +7.5e-01 +4.4e+00 +9.8e-01 +2.6e-01 +2.3e-01 +3.80e-01 +3.7e+00
      3 -7.2e-02 +2.83e-01 SWC +7.5e-01 +4.1e+00 +9.8e-01 +1.6e-01 +1.7e-01 +5.53e-01 +1.4e+01
      4 -3.8e-02 +1.68e-01 SWC +7.5e-01 +4.2e+00 +9.8e-01 +1.1e-01 +1.5e-01 +7.28e-01 +3.4e+01
      5 -2.8e-02 +2.61e-01 SWC +7.5e-01 +4.4e+00 +9.8e-01 +9.4e-02 +1.4e-01 +5.92e-01 +3.8e+01
      6 -1.7e-02 +2.09e-01 SWC +7.4e-01 +4.7e+00 +9.8e-01 +7.0e-02 +1.4e-01 +6.63e-01 +7.1e+01
      7 -1.1e-02 +4.21e-01 SWC +7.4e-01 +5.0e+00 +9.8e-01 +5.6e-02 +1.3e-01 +3.86e-01 +6.3e+01
      8 -4.3e-03 +8.06e-01 SWC +7.4e-01 +5.4e+00 +9.9e-01 +3.4e-02 +1.3e-01 +8.31e-02 +3.5e+01
      9 -3.7e-04 +1.95e+00 SWC +7.3e-01 +6.0e+00 +9.0e-01 +1.1e-02 +1.3e-01 +2.17e-01 +1.1e+03
     10 -2.0e-04 +2.43e+00 SWC +7.2e-01 +7.3e+00 +7.1e-01 +1.1e-02 +1.3e-01 +2.17e-01 +1.1e+03
     11                                                   +8.0e-03 +1.3e-01
      k     g'*d        al  AC   la1(H)     k(H)  cos(th)    ||g||        f         r        M
   [uosolLog]

tr_acc =

   94.8640


te_acc =

   95.2000

   [uosolLog]
   f  = @(w)nn.L(w,Xtr,ytr)
   epsG = 1.0e-02, maxiter =  100
   iAC = 4 (NW32)
      c1 = 0.01, c2 = 0.90
   isd = 1 (GM)
   ek = fk-f*
      k     g'*d        al  AC    ||g||        f         r        M
      1 -4.1e-02 +7.42e-01 SWC +2.0e-01 +2.5e-01 +8.80e-01 +3.9e+00
      2 -2.9e-02 +1.32e+00 SWC +1.7e-01 +2.2e-01 +8.21e-01 +4.2e+00
      3 -2.1e-02 +1.00e+00 SWC +1.5e-01 +1.9e-01 +8.76e-01 +5.4e+00
      4 -1.7e-02 +1.93e+00 SWC +1.3e-01 +1.7e-01 +7.93e-01 +5.6e+00
      5 -1.1e-02 +3.34e+00 SWC +1.1e-01 +1.4e-01 +7.16e-01 +6.4e+00
     24 -6.8e-04 +3.94e+00 SWC +2.6e-02 +3.3e-02 +8.83e-01 +1.1e+02
     25 -5.7e-04 +3.45e+00 SWC +2.4e-02 +3.3e-02 +8.70e-01 +1.2e+02
     26 -3.2e-04 +2.05e+00 SWC +1.8e-02 +3.2e-02 +9.15e-01 +1.5e+02
     27 -1.7e-04 +4.15e+00 <10^-3 +1.3e-02 +3.1e-02 +8.74e-01 +1.6e+02
     28 -1.6e-04 +8.49e+00 <10^-3 +1.3e-02 +3.0e-02 +7.36e-01 +1.5e+02
     29 -1.4e-04 +1.33e+01 SWC +1.2e-02 +2.9e-02 +5.47e-01 +1.5e+02
     30 -1.4e-04 +1.25e+01 SWC +1.2e-02 +2.8e-02 +6.73e-01 +3.4e+02
     31 -5.8e-04 +4.42e+00 SWC +2.4e-02 +2.7e-02 +3.99e-01 +3.0e+02
     32 -2.6e-04 +3.82e+00 SWC +1.6e-02 +2.6e-02 +3.99e-01 +3.0e+02
     33                        +9.9e-03 +2.6e-02
      k     g'*d        al  AC    ||g||        f         r        M
   la1 = +1.0e+00, lan = +1.0e+00, rUB = +0.00 
   [uosolLog]

tr_acc =

   98.1040


te_acc =

   97.8400

   [uosolLog]
   f  = @(w)nn.L(w,Xtr,ytr)
   epsG = 1.0e-02, maxiter =  100
   iAC = 4 (NW32)
      c1 = 0.01, c2 = 0.90
   isd = 3 (BFGS)
   ek = fk-f*
      k     g'*d        al  AC   la1(H)     k(H)  cos(th)    ||g||        f         r        M
      1 -4.1e-02 +7.42e-01 SWC +1.0e+00 +1.0e+00 +1.0e+00 +2.0e-01 +2.5e-01 +8.84e-01 +3.8e+00
      2 -1.6e-01 +5.78e-01 SWC +5.5e-01 +1.0e+01 +9.9e-01 +1.7e-01 +2.2e-01 +6.35e-01 +3.1e+00
      3 -1.1e-01 +3.76e-01 SWC +5.0e-01 +1.8e+01 +7.8e-01 +1.4e-01 +1.5e-01 +7.38e-01 +5.7e+00
      4 -7.7e-02 +6.32e-01 SWC +5.1e-01 +2.3e+01 +7.3e-01 +1.1e-01 +1.1e-01 +6.08e-01 +6.4e+00
      5 -3.8e-02 +5.73e-01 SWC +5.2e-01 +3.3e+01 +7.2e-01 +6.7e-02 +7.7e-02 +6.97e-01 +1.2e+01
      6 -2.7e-02 +1.32e+00 SWC +5.2e-01 +5.3e+01 +7.2e-01 +4.4e-02 +5.9e-02 +4.55e-01 +1.1e+01
      7 -7.5e-03 +3.10e+00 SWC +5.2e-01 +1.1e+02 +6.2e-01 +1.9e-02 +3.7e-02 +3.74e-01 +2.0e+01
      8 -1.5e-03 +1.05e+01 SWC +5.2e-01 +4.2e+02 +1.5e-01 +1.9e-02 +2.6e-02 +3.61e-01 +5.2e+01
      9 -1.4e-04 +9.30e+00 SWC +5.7e-01 +3.5e+03 +1.3e-01 +1.5e-02 +2.1e-02 +5.57e-01 +2.2e+02
     10 -2.1e-03 +2.31e+00 SWC +9.5e-01 +2.7e+03 +1.8e-01 +1.1e-02 +2.0e-02 +2.55e-01 +1.8e+02
     11 -7.2e-04 +1.87e+00 SWC +9.4e-01 +3.7e+03 +2.6e-01 +1.1e-02 +1.9e-02 +2.55e-01 +1.8e+02
     12                                                   +3.7e-03 +1.9e-02
      k     g'*d        al  AC   la1(H)     k(H)  cos(th)    ||g||        f         r        M
   [uosolLog]

tr_acc =

   97.6760


te_acc =

   97.3600

   [uosolLog]
   f  = @(w)nn.L(w,Xtr,ytr)
   epsG = 1.0e-02, maxiter =  100
   iAC = 4 (NW32)
      c1 = 0.01, c2 = 0.90
   isd = 1 (GM)
   ek = fk-f*
      k     g'*d        al  AC    ||g||        f         r        M
      1 -4.1e-02 +7.42e-01 SWC +2.0e-01 +2.5e-01 +7.73e-01 +6.7e+00
      2 -2.7e-02 +7.82e-01 SWC +1.6e-01 +2.2e-01 +7.83e-01 +8.7e+00
      3 -2.0e-02 +1.19e+00 SWC +1.4e-01 +2.0e-01 +6.88e-01 +9.8e+00
      4 -1.3e-02 +9.21e-01 SWC +1.2e-01 +1.8e-01 +7.62e-01 +1.6e+01
      5 -9.9e-03 +1.80e+00 SWC +1.0e-01 +1.7e-01 +5.81e-01 +1.6e+01
      6 -5.4e-03 +3.23e+00 SWC +7.3e-02 +1.6e-01 +3.67e-01 +1.7e+01
      7 -1.8e-03 +7.07e+00 SWC +4.2e-02 +1.4e-01 +6.83e-02 +8.7e+00
      8 -3.3e-04 +1.34e+00 SWC +1.8e-02 +1.3e-01 +6.55e-01 +1.2e+03
      9 -1.9e-04 +2.61e+00 SWC +1.4e-02 +1.3e-01 +9.15e-01 +2.6e+03
     10 -6.2e-04 +1.42e+00 SWC +2.5e-02 +1.3e-01 +5.19e-01 +1.6e+03
     11 -3.9e-04 +1.09e+00 SWC +2.0e-02 +1.3e-01 +5.19e-01 +1.6e+03
     12                        +9.0e-03 +1.3e-01
      k     g'*d        al  AC    ||g||        f         r        M
   la1 = +1.0e+00, lan = +1.0e+00, rUB = +0.00 
   [uosolLog]

tr_acc =

   97.7520


te_acc =

   97.6800

   [uosolLog]
   f  = @(w)nn.L(w,Xtr,ytr)
   epsG = 1.0e-02, maxiter =  100
   iAC = 4 (NW32)
      c1 = 0.01, c2 = 0.90
   isd = 3 (BFGS)
   ek = fk-f*
      k     g'*d        al  AC   la1(H)     k(H)  cos(th)    ||g||        f         r        M
      1 -4.1e-02 +7.42e-01 SWC +1.0e+00 +1.0e+00 +1.0e+00 +2.0e-01 +2.5e-01 +7.74e-01 +6.6e+00
      2 -1.2e-01 +6.03e-01 SWC +5.7e-01 +8.3e+00 +9.9e-01 +1.6e-01 +2.2e-01 +3.69e-01 +4.1e+00
      3 -5.2e-02 +4.02e-01 SWC +5.4e-01 +1.1e+01 +8.3e-01 +1.1e-01 +1.7e-01 +4.90e-01 +1.5e+01
      4 -2.5e-02 +6.85e-01 SWC +5.6e-01 +1.2e+01 +8.0e-01 +7.7e-02 +1.5e-01 +2.84e-01 +1.7e+01
      5 -4.7e-03 +6.34e-01 SWC +5.6e-01 +1.4e+01 +7.5e-01 +3.5e-02 +1.4e-01 +5.28e-01 +1.1e+02
      6 -1.5e-03 +1.45e+00 SWC +5.6e-01 +1.5e+01 +6.9e-01 +2.2e-02 +1.4e-01 +6.02e-01 +2.5e+02
      7 -3.5e-04 +2.57e+00 SWC +5.4e-01 +1.7e+01 +8.7e-01 +1.7e-02 +1.4e-01 +5.22e-01 +3.6e+02
      8 -1.3e-03 +1.19e+00 SWC +5.7e-01 +1.7e+01 +9.9e-01 +1.2e-02 +1.3e-01 +5.22e-01 +3.6e+02
      9                                                   +4.8e-03 +1.3e-01
      k     g'*d        al  AC   la1(H)     k(H)  cos(th)    ||g||        f         r        M
   [uosolLog]

tr_acc =

   97.8240


te_acc =

   97.7600

   [uosolLog]
   f  = @(w)nn.L(w,Xtr,ytr)
   epsG = 1.0e-02, maxiter =  100
   iAC = 4 (NW32)
      c1 = 0.01, c2 = 0.90
   isd = 1 (GM)
   ek = fk-f*
      k     g'*d        al  AC    ||g||        f         r        M
      1 -4.1e-02 +2.52e-01 SWC +2.0e-01 +2.5e-01 +8.86e-01 +1.0e+01
      2 -3.4e-02 +3.43e-01 SWC +1.8e-01 +2.4e-01 +8.57e-01 +1.1e+01
      3 -2.7e-02 +6.12e-01 SWC +1.7e-01 +2.3e-01 +7.64e-01 +1.2e+01
      4 -2.0e-02 +1.23e+00 SWC +1.4e-01 +2.1e-01 +5.68e-01 +1.1e+01
      5 -1.1e-02 +2.20e+00 SWC +1.1e-01 +1.9e-01 +3.30e-01 +1.2e+01
      6 -3.5e-03 +4.94e+00 SWC +5.9e-02 +1.7e-01 +8.74e-02 +9.3e+00
      7 -1.6e-03 +8.81e-01 SWC +4.0e-02 +1.6e-01 +3.02e-01 +3.7e+02
      8 -1.9e-04 +1.65e+00 SWC +1.4e-02 +1.6e-01 +7.00e-01 +2.8e+03
      9 -2.8e-04 +1.39e+00 SWC +1.7e-02 +1.6e-01 +6.90e-01 +4.0e+03
     10 -2.8e-04 +1.16e+00 SWC +1.7e-02 +1.6e-01 +3.61e-01 +3.0e+03
     11 -1.5e-04 +1.20e+00 SWC +1.2e-02 +1.6e-01 +3.61e-01 +3.0e+03
     12                        +9.4e-03 +1.6e-01
      k     g'*d        al  AC    ||g||        f         r        M
   la1 = +1.0e+00, lan = +1.0e+00, rUB = +0.00 
   [uosolLog]

tr_acc =

   95.8600


te_acc =

   95.8800

   [uosolLog]
   f  = @(w)nn.L(w,Xtr,ytr)
   epsG = 1.0e-02, maxiter =  100
   iAC = 4 (NW32)
      c1 = 0.01, c2 = 0.90
   isd = 3 (BFGS)
   ek = fk-f*
      k     g'*d        al  AC   la1(H)     k(H)  cos(th)    ||g||        f         r        M
      1 -4.1e-02 +2.52e-01 SWC +1.0e+00 +1.0e+00 +1.0e+00 +2.0e-01 +2.5e-01 +8.86e-01 +1.0e+01
      2 -1.3e-01 +3.66e-01 SWC +6.1e-01 +6.8e+00 +9.8e-01 +1.8e-01 +2.4e-01 +4.66e-01 +6.1e+00
      3 -6.8e-02 +2.79e-01 SWC +5.7e-01 +8.4e+00 +1.0e+00 +1.2e-01 +2.0e-01 +5.41e-01 +1.5e+01
      4 -3.6e-02 +1.65e-01 SWC +5.6e-01 +8.5e+00 +1.0e+00 +8.6e-02 +1.8e-01 +7.17e-01 +3.7e+01
      5 -2.6e-02 +2.56e-01 SWC +5.6e-01 +8.8e+00 +1.0e+00 +7.3e-02 +1.8e-01 +5.78e-01 +4.2e+01
      6 -1.5e-02 +2.05e-01 SWC +5.6e-01 +9.0e+00 +1.0e+00 +5.5e-02 +1.7e-01 +6.49e-01 +8.2e+01
      7 -1.0e-02 +4.12e-01 SWC +5.6e-01 +9.3e+00 +1.0e+00 +4.4e-02 +1.7e-01 +3.58e-01 +7.0e+01
      8 -3.8e-03 +7.86e-01 SWC +5.6e-01 +9.6e+00 +9.9e-01 +2.7e-02 +1.7e-01 +3.58e-01 +7.0e+01
      9                                                   +9.4e-03 +1.6e-01
      k     g'*d        al  AC   la1(H)     k(H)  cos(th)    ||g||        f         r        M
   [uosolLog]

tr_acc =

   95.3360


te_acc =

   94.9600

   [uosolLog]
   f  = @(w)nn.L(w,Xtr,ytr)
   epsG = 1.0e-02, maxiter =  100
   iAC = 4 (NW32)
      c1 = 0.01, c2 = 0.90
   isd = 1 (GM)
   ek = fk-f*
      k     g'*d        al  AC    ||g||        f         r        M
      1 -1.5e-01 +2.52e-01 SWC +3.8e-01 +2.5e-01 +8.57e-01 +3.5e+00
      2 -1.2e-01 +3.46e-01 SWC +3.4e-01 +2.2e-01 +8.18e-01 +3.9e+00
      3 -8.8e-02 +3.67e-01 SWC +3.0e-01 +1.8e-01 +8.23e-01 +4.8e+00
      4 -6.6e-02 +5.60e-01 SWC +2.6e-01 +1.5e-01 +7.64e-01 +5.4e+00
      5 -4.3e-02 +4.36e-01 SWC +2.1e-01 +1.1e-01 +8.39e-01 +7.8e+00
      6 -3.2e-02 +8.50e-01 SWC +1.8e-01 +9.6e-02 +7.37e-01 +8.2e+00
      7 -1.9e-02 +1.50e+00 SWC +1.4e-01 +7.3e-02 +6.51e-01 +9.8e+00
      8 -8.6e-03 +3.14e+00 SWC +9.3e-02 +4.9e-02 +5.24e-01 +1.2e+01
      9 -2.8e-03 +2.68e+00 SWC +5.3e-02 +2.9e-02 +7.13e-01 +3.1e+01
     10 -1.6e-03 +3.93e+00 SWC +4.0e-02 +2.2e-02 +6.63e-01 +4.1e+01
     11 -8.7e-04 +3.74e+00 SWC +3.0e-02 +1.7e-02 +7.26e-01 +6.8e+01
     12 -5.7e-04 +7.03e+00 SWC +2.4e-02 +1.4e-02 +5.60e-01 +7.2e+01
     13 -3.0e-04 +4.74e+00 SWC +1.7e-02 +1.0e-02 +6.97e-01 +1.6e+02
     14 -2.2e-04 +9.80e+00 SWC +1.5e-02 +8.9e-03 +3.78e-01 +1.2e+02
     15 -1.3e-04 +9.96e+00 SWC +1.1e-02 +7.0e-03 +3.78e-01 +1.2e+02
     16                        +9.2e-03 +5.9e-03
      k     g'*d        al  AC    ||g||        f         r        M
   la1 = +1.0e+00, lan = +1.0e+00, rUB = +0.00 
   [uosolLog]

tr_acc =

   99.9920


te_acc =

   99.9600

   [uosolLog]
   f  = @(w)nn.L(w,Xtr,ytr)
   epsG = 1.0e-02, maxiter =  100
   iAC = 4 (NW32)
      c1 = 0.01, c2 = 0.90
   isd = 3 (BFGS)
   ek = fk-f*
      k     g'*d        al  AC   la1(H)     k(H)  cos(th)    ||g||        f         r        M
      1 -1.5e-01 +2.52e-01 SWC +1.0e+00 +1.0e+00 +1.0e+00 +3.8e-01 +2.5e-01 +8.57e-01 +3.5e+00
      2 -3.6e-01 +3.68e-01 SWC +8.0e-01 +3.9e+00 +9.9e-01 +3.4e-01 +2.2e-01 +5.01e-01 +2.4e+00
      3 -1.2e-01 +2.80e-01 SWC +8.0e-01 +3.6e+00 +9.9e-01 +2.0e-01 +1.1e-01 +7.28e-01 +6.9e+00
      4 -7.9e-02 +1.66e-01 SWC +8.0e-01 +4.2e+00 +9.9e-01 +1.6e-01 +8.2e-02 +8.42e-01 +1.1e+01
      5 -6.8e-02 +2.56e-01 SWC +8.0e-01 +4.9e+00 +9.9e-01 +1.3e-01 +7.0e-02 +7.60e-01 +1.2e+01
      6 -4.9e-02 +2.05e-01 SWC +7.9e-01 +5.8e+00 +9.9e-01 +1.0e-01 +5.4e-02 +8.13e-01 +1.7e+01
      7 -4.1e-02 +4.11e-01 SWC +7.9e-01 +7.1e+00 +9.9e-01 +8.7e-02 +4.5e-02 +6.49e-01 +1.6e+01
      8 -2.5e-02 +7.77e-01 SWC +7.9e-01 +9.2e+00 +9.9e-01 +5.9e-02 +3.1e-02 +4.52e-01 +1.8e+01
      9 -1.1e-02 +1.89e+00 SWC +7.9e-01 +1.5e+01 +9.9e-01 +3.1e-02 +1.7e-02 +4.52e-01 +1.8e+01
     10                                                   +8.8e-03 +5.5e-03
      k     g'*d        al  AC   la1(H)     k(H)  cos(th)    ||g||        f         r        M
   [uosolLog]

tr_acc =

   99.9840


te_acc =

   99.9600

   [uosolLog]
   f  = @(w)nn.L(w,Xtr,ytr)
   epsG = 1.0e-02, maxiter =  100
   iAC = 4 (NW32)
      c1 = 0.01, c2 = 0.90
   isd = 1 (GM)
   ek = fk-f*
      k     g'*d        al  AC    ||g||        f         r        M
      1 -1.5e-01 +2.52e-01 SWC +3.8e-01 +2.5e-01 +8.14e-01 +4.4e+00
      2 -1.2e-01 +3.48e-01 SWC +3.4e-01 +2.2e-01 +7.56e-01 +5.0e+00
      3 -8.2e-02 +2.41e-01 SWC +2.9e-01 +1.8e-01 +8.35e-01 +7.3e+00
      4 -6.6e-02 +3.99e-01 SWC +2.6e-01 +1.6e-01 +7.45e-01 +7.8e+00
      5 -4.7e-02 +3.07e-01 SWC +2.2e-01 +1.4e-01 +8.12e-01 +1.1e+01
      6 -3.6e-02 +5.93e-01 SWC +1.9e-01 +1.2e-01 +6.71e-01 +1.2e+01
      7 -2.2e-02 +1.04e+00 SWC +1.5e-01 +1.0e-01 +5.10e-01 +1.3e+01
      8 -9.7e-03 +2.21e+00 SWC +9.8e-02 +8.4e-02 +2.41e-01 +1.2e+01
      9 -1.8e-03 +2.00e+00 SWC +4.3e-02 +6.9e-02 +3.85e-01 +8.1e+01
     10 -6.6e-04 +3.13e+00 SWC +2.6e-02 +6.6e-02 +1.89e-01 +1.0e+02
     11 -1.4e-04 +3.29e+00 SWC +1.2e-02 +6.4e-02 +1.89e-01 +1.0e+02
     12                        +6.3e-03 +6.4e-02
      k     g'*d        al  AC    ||g||        f         r        M
   la1 = +1.0e+00, lan = +1.0e+00, rUB = +0.00 
   [uosolLog]

tr_acc =

   99.9800


te_acc =

   99.9600

   [uosolLog]
   f  = @(w)nn.L(w,Xtr,ytr)
   epsG = 1.0e-02, maxiter =  100
   iAC = 4 (NW32)
      c1 = 0.01, c2 = 0.90
   isd = 3 (BFGS)
   ek = fk-f*
      k     g'*d        al  AC   la1(H)     k(H)  cos(th)    ||g||        f         r        M
      1 -1.5e-01 +2.52e-01 SWC +1.0e+00 +1.0e+00 +1.0e+00 +3.8e-01 +2.5e-01 +8.14e-01 +4.4e+00
      2 -3.0e-01 +3.70e-01 SWC +8.1e-01 +3.4e+00 +9.9e-01 +3.4e-01 +2.2e-01 +4.09e-01 +2.7e+00
      3 -9.7e-02 +2.82e-01 SWC +8.1e-01 +3.1e+00 +9.8e-01 +2.0e-01 +1.3e-01 +6.15e-01 +9.9e+00
      4 -5.8e-02 +1.68e-01 SWC +8.1e-01 +3.4e+00 +9.8e-01 +1.5e-01 +1.0e-01 +7.64e-01 +2.0e+01
      5 -4.6e-02 +2.59e-01 SWC +8.1e-01 +3.7e+00 +9.8e-01 +1.3e-01 +9.3e-02 +6.38e-01 +2.2e+01
      6 -3.0e-02 +2.07e-01 SWC +8.1e-01 +4.1e+00 +9.8e-01 +9.6e-02 +8.3e-02 +7.02e-01 +3.8e+01
      7 -2.2e-02 +4.18e-01 SWC +8.1e-01 +4.6e+00 +9.8e-01 +7.8e-02 +7.7e-02 +4.42e-01 +3.4e+01
      8 -9.6e-03 +7.96e-01 SWC +8.1e-01 +5.1e+00 +9.8e-01 +4.9e-02 +7.0e-02 +1.34e-01 +2.3e+01
      9 -1.3e-03 +1.98e+00 SWC +8.1e-01 +6.1e+00 +9.7e-01 +1.7e-02 +6.5e-02 +4.00e-01 +5.2e+02
     10 -5.8e-04 +1.31e+00 SWC +8.1e-01 +7.6e+00 +9.0e-01 +1.1e-02 +6.4e-02 +4.00e-01 +5.2e+02
     11                                                   +4.2e-03 +6.4e-02
      k     g'*d        al  AC   la1(H)     k(H)  cos(th)    ||g||        f         r        M
   [uosolLog]

tr_acc =

   99.9840


te_acc =

   99.9600

   [uosolLog]
   f  = @(w)nn.L(w,Xtr,ytr)
   epsG = 1.0e-02, maxiter =  100
   iAC = 4 (NW32)
      c1 = 0.01, c2 = 0.90
   isd = 1 (GM)
   ek = fk-f*
      k     g'*d        al  AC    ||g||        f         r        M
      1 -1.5e-01 +2.52e-01 SWC +3.8e-01 +2.5e-01 +7.85e-01 +4.9e+00
      2 -1.1e-01 +3.50e-01 SWC +3.3e-01 +2.2e-01 +7.15e-01 +5.7e+00
      3 -7.7e-02 +2.44e-01 SWC +2.8e-01 +1.8e-01 +8.03e-01 +9.0e+00
      4 -6.0e-02 +4.07e-01 SWC +2.5e-01 +1.6e-01 +6.92e-01 +9.6e+00
      5 -4.0e-02 +3.17e-01 SWC +2.0e-01 +1.4e-01 +7.65e-01 +1.5e+01
      6 -2.9e-02 +6.18e-01 SWC +1.7e-01 +1.3e-01 +5.86e-01 +1.5e+01
      7 -1.6e-02 +1.11e+00 SWC +1.3e-01 +1.1e-01 +3.73e-01 +1.7e+01
      8 -5.4e-03 +2.43e+00 SWC +7.3e-02 +9.9e-02 +5.92e-02 +7.1e+00
      9 -3.0e-04 +2.31e+00 SWC +1.7e-02 +9.1e-02 +5.92e-02 +7.1e+00
     10                        +7.8e-03 +9.0e-02
      k     g'*d        al  AC    ||g||        f         r        M
   la1 = +1.0e+00, lan = +1.0e+00, rUB = +0.00 
   [uosolLog]

tr_acc =

   99.9680


te_acc =

   99.9600

   [uosolLog]
   f  = @(w)nn.L(w,Xtr,ytr)
   epsG = 1.0e-02, maxiter =  100
   iAC = 4 (NW32)
      c1 = 0.01, c2 = 0.90
   isd = 3 (BFGS)
   ek = fk-f*
      k     g'*d        al  AC   la1(H)     k(H)  cos(th)    ||g||        f         r        M
      1 -1.5e-01 +2.52e-01 SWC +1.0e+00 +1.0e+00 +1.0e+00 +3.8e-01 +2.5e-01 +7.85e-01 +4.9e+00
      2 -2.6e-01 +3.71e-01 SWC +8.1e-01 +3.0e+00 +9.8e-01 +3.3e-01 +2.2e-01 +3.82e-01 +3.0e+00
      3 -8.4e-02 +2.84e-01 SWC +8.2e-01 +2.7e+00 +9.8e-01 +2.0e-01 +1.4e-01 +5.72e-01 +1.2e+01
      4 -4.7e-02 +1.69e-01 SWC +8.2e-01 +2.9e+00 +9.8e-01 +1.5e-01 +1.2e-01 +7.35e-01 +2.7e+01
      5 -3.5e-02 +2.61e-01 SWC +8.2e-01 +3.1e+00 +9.8e-01 +1.2e-01 +1.1e-01 +5.99e-01 +3.0e+01
      6 -2.1e-02 +2.09e-01 SWC +8.2e-01 +3.3e+00 +9.8e-01 +9.2e-02 +1.0e-01 +6.68e-01 +5.5e+01
      7 -1.5e-02 +4.22e-01 SWC +8.1e-01 +3.5e+00 +9.8e-01 +7.4e-02 +9.8e-02 +3.90e-01 +4.8e+01
      8 -5.7e-03 +8.09e-01 SWC +8.1e-01 +3.7e+00 +9.8e-01 +4.4e-02 +9.3e-02 +7.52e-02 +2.4e+01
      9 -4.6e-04 +2.04e+00 SWC +8.1e-01 +4.1e+00 +9.8e-01 +1.2e-02 +9.1e-02 +6.71e-01 +2.8e+03
     10 -3.5e-04 +1.43e+00 SWC +8.1e-01 +4.7e+00 +9.2e-01 +1.1e-02 +9.0e-02 +6.71e-01 +2.8e+03
     11                                                   +4.2e-03 +9.0e-02
      k     g'*d        al  AC   la1(H)     k(H)  cos(th)    ||g||        f         r        M
   [uosolLog]

tr_acc =

   99.9800


te_acc =

   99.9600

   [uosolLog]
   f  = @(w)nn.L(w,Xtr,ytr)
   epsG = 1.0e-02, maxiter =  100
   iAC = 4 (NW32)
      c1 = 0.01, c2 = 0.90
   isd = 1 (GM)
   ek = fk-f*
      k     g'*d        al  AC    ||g||        f         r        M
      1 -9.8e-02 +2.52e-01 SWC +3.1e-01 +2.5e-01 +9.04e-01 +3.7e+00
      2 -7.9e-02 +3.44e-01 SWC +2.8e-01 +2.3e-01 +8.83e-01 +4.0e+00
      3 -6.3e-02 +6.13e-01 SWC +2.5e-01 +2.0e-01 +8.15e-01 +4.2e+00
      4 -4.7e-02 +1.23e+00 SWC +2.2e-01 +1.7e-01 +6.81e-01 +4.3e+00
      5 -2.6e-02 +2.20e+00 SWC +1.6e-01 +1.1e-01 +5.69e-01 +5.3e+00
      6 -1.0e-02 +4.70e+00 SWC +1.0e-01 +6.9e-02 +4.41e-01 +7.2e+00
      7 -2.4e-03 +4.11e+00 SWC +4.9e-02 +3.4e-02 +6.84e-01 +2.5e+01
      8 -1.3e-03 +6.15e+00 SWC +3.6e-02 +2.6e-02 +6.39e-01 +3.5e+01
      9 -6.7e-04 +6.23e+00 SWC +2.6e-02 +1.9e-02 +7.00e-01 +5.9e+01
     10 -4.4e-04 +1.30e+01 SWC +2.1e-02 +1.6e-02 +5.41e-01 +6.6e+01
     11 -4.6e-04 +1.05e+01 SWC +2.2e-02 +1.2e-02 +7.56e-01 +1.7e+02
     12 -6.3e-04 +1.10e+01 SWC +2.5e-02 +1.1e-02 +7.62e-01 +2.3e+02
     13 -8.0e-04 +6.78e+00 SWC +2.8e-02 +9.9e-03 +1.67e-01 +6.5e+01
     14 -1.1e-04 +4.63e+00 SWC +1.1e-02 +7.8e-03 +1.67e-01 +6.5e+01
     15                        +7.7e-03 +7.3e-03
      k     g'*d        al  AC    ||g||        f         r        M
   la1 = +1.0e+00, lan = +1.0e+00, rUB = +0.00 
   [uosolLog]

tr_acc =

   99.8760


te_acc =

   99.9600

   [uosolLog]
   f  = @(w)nn.L(w,Xtr,ytr)
   epsG = 1.0e-02, maxiter =  100
   iAC = 4 (NW32)
      c1 = 0.01, c2 = 0.90
   isd = 3 (BFGS)
   ek = fk-f*
      k     g'*d        al  AC   la1(H)     k(H)  cos(th)    ||g||        f         r        M
      1 -9.8e-02 +2.52e-01 SWC +1.0e+00 +1.0e+00 +1.0e+00 +3.1e-01 +2.5e-01 +9.03e-01 +3.7e+00
      2 -3.0e-01 +3.62e-01 SWC +5.7e-01 +6.9e+00 +9.8e-01 +2.8e-01 +2.3e-01 +5.85e-01 +2.7e+00
      3 -1.7e-01 +2.75e-01 SWC +5.2e-01 +9.2e+00 +1.0e+00 +1.9e-01 +1.4e-01 +6.90e-01 +5.4e+00
      4 -9.8e-02 +1.63e-01 SWC +5.2e-01 +9.9e+00 +1.0e+00 +1.4e-01 +9.6e-02 +8.32e-01 +9.4e+00
      5 -8.2e-02 +2.51e-01 SWC +5.2e-01 +1.1e+01 +1.0e+00 +1.2e-01 +8.1e-02 +7.52e-01 +1.0e+01
      6 -5.8e-02 +2.00e-01 SWC +5.2e-01 +1.3e+01 +1.0e+00 +9.3e-02 +6.3e-02 +8.10e-01 +1.5e+01
      7 -4.7e-02 +4.01e-01 SWC +5.2e-01 +1.5e+01 +1.0e+00 +7.7e-02 +5.3e-02 +6.46e-01 +1.4e+01
      8 -2.8e-02 +7.56e-01 SWC +5.2e-01 +1.9e+01 +1.0e+00 +5.3e-02 +3.7e-02 +4.52e-01 +1.6e+01
      9 -1.3e-02 +1.83e+00 SWC +5.2e-01 +3.1e+01 +9.9e-01 +2.8e-02 +2.1e-02 +4.52e-01 +1.6e+01
     10                                                   +9.1e-03 +7.9e-03
      k     g'*d        al  AC   la1(H)     k(H)  cos(th)    ||g||        f         r        M
   [uosolLog]

tr_acc =

   99.8640


te_acc =

   99.9200

   [uosolLog]
   f  = @(w)nn.L(w,Xtr,ytr)
   epsG = 1.0e-02, maxiter =  100
   iAC = 4 (NW32)
      c1 = 0.01, c2 = 0.90
   isd = 1 (GM)
   ek = fk-f*
      k     g'*d        al  AC    ||g||        f         r        M
      1 -9.8e-02 +2.52e-01 SWC +3.1e-01 +2.5e-01 +8.61e-01 +5.1e+00
      2 -7.7e-02 +3.46e-01 SWC +2.8e-01 +2.3e-01 +8.28e-01 +5.7e+00
      3 -5.9e-02 +3.62e-01 SWC +2.4e-01 +2.0e-01 +8.31e-01 +7.0e+00
      4 -4.8e-02 +5.42e-01 SWC +2.2e-01 +1.8e-01 +7.58e-01 +7.6e+00
      5 -3.5e-02 +4.12e-01 SWC +1.9e-01 +1.6e-01 +8.17e-01 +1.1e+01
      6 -2.8e-02 +7.93e-01 SWC +1.7e-01 +1.4e-01 +6.74e-01 +1.1e+01
      7 -1.8e-02 +1.39e+00 SWC +1.3e-01 +1.2e-01 +4.98e-01 +1.2e+01
      8 -8.2e-03 +2.93e+00 SWC +9.0e-02 +1.0e-01 +1.94e-01 +9.4e+00
      9 -1.4e-03 +2.70e+00 SWC +3.7e-02 +8.7e-02 +2.88e-01 +7.2e+01
     10 -4.0e-04 +4.35e+00 SWC +2.0e-02 +8.4e-02 +2.88e-01 +7.2e+01
     11                        +7.2e-03 +8.3e-02
      k     g'*d        al  AC    ||g||        f         r        M
   la1 = +1.0e+00, lan = +1.0e+00, rUB = +0.00 
   [uosolLog]

tr_acc =

   99.8800


te_acc =

   99.9200

   [uosolLog]
   f  = @(w)nn.L(w,Xtr,ytr)
   epsG = 1.0e-02, maxiter =  100
   iAC = 4 (NW32)
      c1 = 0.01, c2 = 0.90
   isd = 3 (BFGS)
   ek = fk-f*
      k     g'*d        al  AC   la1(H)     k(H)  cos(th)    ||g||        f         r        M
      1 -9.8e-02 +2.52e-01 SWC +1.0e+00 +1.0e+00 +1.0e+00 +3.1e-01 +2.5e-01 +8.61e-01 +5.1e+00
      2 -2.5e-01 +3.65e-01 SWC +5.9e-01 +5.9e+00 +9.8e-01 +2.8e-01 +2.3e-01 +4.67e-01 +3.2e+00
      3 -1.2e-01 +2.79e-01 SWC +5.5e-01 +7.1e+00 +1.0e+00 +1.8e-01 +1.5e-01 +5.66e-01 +8.4e+00
      4 -6.5e-02 +1.65e-01 SWC +5.5e-01 +7.2e+00 +1.0e+00 +1.3e-01 +1.2e-01 +7.41e-01 +1.9e+01
      5 -4.9e-02 +2.55e-01 SWC +5.5e-01 +7.6e+00 +1.0e+00 +1.1e-01 +1.1e-01 +6.12e-01 +2.2e+01
      6 -3.0e-02 +2.05e-01 SWC +5.5e-01 +8.1e+00 +1.0e+00 +8.3e-02 +1.0e-01 +6.79e-01 +3.9e+01
      7 -2.1e-02 +4.11e-01 SWC +5.5e-01 +8.7e+00 +1.0e+00 +6.7e-02 +9.4e-02 +4.05e-01 +3.5e+01
      8 -8.8e-03 +7.84e-01 SWC +5.5e-01 +9.4e+00 +9.9e-01 +4.2e-02 +8.7e-02 +5.87e-02 +1.2e+01
      9 -9.8e-04 +1.95e+00 SWC +5.5e-01 +1.1e+01 +9.7e-01 +1.3e-02 +8.3e-02 +5.87e-02 +1.2e+01
     10                                                   +9.7e-03 +8.3e-02
      k     g'*d        al  AC   la1(H)     k(H)  cos(th)    ||g||        f         r        M
   [uosolLog]

tr_acc =

   99.8680


te_acc =

   99.9200

   [uosolLog]
   f  = @(w)nn.L(w,Xtr,ytr)
   epsG = 1.0e-02, maxiter =  100
   iAC = 4 (NW32)
      c1 = 0.01, c2 = 0.90
   isd = 1 (GM)
   ek = fk-f*
      k     g'*d        al  AC    ||g||        f         r        M
      1 -9.8e-02 +2.52e-01 SWC +3.1e-01 +2.5e-01 +8.32e-01 +6.1e+00
      2 -7.5e-02 +3.48e-01 SWC +2.7e-01 +2.3e-01 +7.89e-01 +6.9e+00
      3 -5.5e-02 +3.67e-01 SWC +2.3e-01 +2.0e-01 +7.89e-01 +8.8e+00
      4 -4.3e-02 +5.55e-01 SWC +2.1e-01 +1.8e-01 +6.96e-01 +9.8e+00
      5 -2.9e-02 +4.28e-01 SWC +1.7e-01 +1.6e-01 +7.63e-01 +1.5e+01
      6 -2.2e-02 +8.33e-01 SWC +1.5e-01 +1.5e-01 +5.75e-01 +1.5e+01
      7 -1.2e-02 +1.49e+00 SWC +1.1e-01 +1.3e-01 +3.39e-01 +1.6e+01
      8 -4.0e-03 +3.29e+00 SWC +6.3e-02 +1.2e-01 +3.39e-01 +1.6e+01
      9                        +9.3e-03 +1.1e-01
      k     g'*d        al  AC    ||g||        f         r        M
   la1 = +1.0e+00, lan = +1.0e+00, rUB = +0.00 
   [uosolLog]

tr_acc =

   99.8680


te_acc =

   99.9200

   [uosolLog]
   f  = @(w)nn.L(w,Xtr,ytr)
   epsG = 1.0e-02, maxiter =  100
   iAC = 4 (NW32)
      c1 = 0.01, c2 = 0.90
   isd = 3 (BFGS)
   ek = fk-f*
      k     g'*d        al  AC   la1(H)     k(H)  cos(th)    ||g||        f         r        M
      1 -9.8e-02 +2.52e-01 SWC +1.0e+00 +1.0e+00 +1.0e+00 +3.1e-01 +2.5e-01 +8.32e-01 +6.1e+00
      2 -2.2e-01 +3.67e-01 SWC +6.0e-01 +5.2e+00 +9.8e-01 +2.7e-01 +2.3e-01 +4.24e-01 +3.7e+00
      3 -9.4e-02 +2.81e-01 SWC +5.7e-01 +5.8e+00 +9.9e-01 +1.7e-01 +1.6e-01 +5.32e-01 +1.1e+01
      4 -4.8e-02 +1.67e-01 SWC +5.7e-01 +5.7e+00 +9.9e-01 +1.2e-01 +1.4e-01 +7.15e-01 +2.8e+01
      5 -3.4e-02 +2.58e-01 SWC +5.7e-01 +5.8e+00 +9.9e-01 +1.0e-01 +1.3e-01 +5.77e-01 +3.1e+01
      6 -2.0e-02 +2.07e-01 SWC +5.7e-01 +6.0e+00 +9.9e-01 +7.7e-02 +1.2e-01 +6.48e-01 +6.1e+01
      7 -1.3e-02 +4.18e-01 SWC +5.7e-01 +6.2e+00 +9.9e-01 +6.2e-02 +1.2e-01 +3.57e-01 +5.2e+01
      8 -5.0e-03 +8.01e-01 SWC +5.7e-01 +6.5e+00 +9.9e-01 +3.7e-02 +1.2e-01 +3.57e-01 +5.2e+01
      9                                                   +9.5e-03 +1.1e-01
      k     g'*d        al  AC   la1(H)     k(H)  cos(th)    ||g||        f         r        M
   [uosolLog]

tr_acc =

   99.8760


te_acc =

   99.9200

   [uosolLog]
   f  = @(w)nn.L(w,Xtr,ytr)
   epsG = 1.0e-02, maxiter =  100
   iAC = 4 (NW32)
      c1 = 0.01, c2 = 0.90
   isd = 1 (GM)
   ek = fk-f*
      k     g'*d        al  AC    ||g||        f         r        M
      1 -7.7e-02 +7.42e-01 SWC +2.8e-01 +2.5e-01 +7.95e-01 +3.3e+00
      2 -4.8e-02 +7.86e-01 SWC +2.2e-01 +2.0e-01 +8.15e-01 +4.3e+00
      3 -3.5e-02 +1.20e+00 SWC +1.9e-01 +1.7e-01 +7.54e-01 +4.9e+00
      4 -2.2e-02 +9.43e-01 SWC +1.5e-01 +1.3e-01 +8.36e-01 +7.2e+00
      5 -1.6e-02 +1.85e+00 SWC +1.3e-01 +1.1e-01 +7.37e-01 +7.6e+00
      6 -9.1e-03 +3.26e+00 SWC +9.5e-02 +8.3e-02 +6.57e-01 +9.2e+00
      7 -4.3e-03 +6.78e+00 SWC +6.5e-02 +5.9e-02 +5.25e-01 +1.1e+01
      8 -1.5e-03 +6.39e+00 SWC +3.9e-02 +3.7e-02 +6.83e-01 +2.8e+01
      9 -1.2e-03 +7.29e+00 SWC +3.5e-02 +2.9e-02 +8.22e-01 +4.9e+01
     10 -3.1e-03 +4.99e+00 SWC +5.6e-02 +2.6e-02 +9.16e-01 +6.6e+01
     11 -3.6e-03 +4.34e+00 SWC +6.0e-02 +2.5e-02 +6.90e-01 +5.4e+01
     12 -1.7e-03 +4.92e+00 SWC +4.2e-02 +2.1e-02 +7.65e-01 +8.7e+01
     13 -1.1e-03 +4.10e+00 SWC +3.3e-02 +1.9e-02 +6.96e-01 +1.0e+02
     14 -3.0e-04 +4.77e+00 SWC +1.7e-02 +1.6e-02 +7.80e-01 +1.7e+02
     15 -1.9e-04 +2.84e+00 SWC +1.4e-02 +1.5e-02 +8.61e-01 +2.4e+02
     16 -1.6e-04 +5.80e+00 <10^-3 +1.2e-02 +1.5e-02 +7.25e-01 +2.3e+02
     17 -1.3e-04 +8.66e+00 SWC +1.1e-02 +1.4e-02 +5.28e-01 +2.3e+02
     18 -1.0e-04 +1.24e+01 SWC +1.0e-02 +1.3e-02 +5.28e-01 +2.3e+02
     19                        +8.9e-03 +1.2e-02
      k     g'*d        al  AC    ||g||        f         r        M
   la1 = +1.0e+00, lan = +1.0e+00, rUB = +0.00 
   [uosolLog]

tr_acc =

   99.6720


te_acc =

   99.5600

   [uosolLog]
   f  = @(w)nn.L(w,Xtr,ytr)
   epsG = 1.0e-02, maxiter =  100
   iAC = 4 (NW32)
      c1 = 0.01, c2 = 0.90
   isd = 3 (BFGS)
   ek = fk-f*
      k     g'*d        al  AC   la1(H)     k(H)  cos(th)    ||g||        f         r        M
      1 -7.7e-02 +7.42e-01 SWC +1.0e+00 +1.0e+00 +1.0e+00 +2.8e-01 +2.5e-01 +8.01e-01 +3.3e+00
      2 -2.1e-01 +5.90e-01 SWC +5.7e-01 +7.7e+00 +9.9e-01 +2.2e-01 +2.0e-01 +5.27e-01 +2.7e+00
      3 -8.7e-02 +3.91e-01 SWC +5.6e-01 +1.0e+01 +9.1e-01 +1.4e-01 +1.1e-01 +7.23e-01 +7.0e+00
      4 -5.8e-02 +6.60e-01 SWC +5.6e-01 +1.4e+01 +9.1e-01 +9.7e-02 +7.9e-02 +6.08e-01 +8.1e+00
      5 -2.9e-02 +6.03e-01 SWC +5.6e-01 +2.1e+01 +9.0e-01 +5.6e-02 +5.0e-02 +6.86e-01 +1.5e+01
      6 -2.2e-02 +1.41e+00 SWC +5.6e-01 +3.6e+01 +8.6e-01 +3.9e-02 +3.5e-02 +4.02e-01 +1.3e+01
      7 -6.0e-03 +3.38e+00 SWC +5.6e-01 +7.7e+01 +6.9e-01 +1.7e-02 +1.7e-02 +2.31e-01 +1.8e+01
      8 -9.2e-04 +1.20e+01 SWC +5.6e-01 +3.1e+02 +2.4e-01 +1.0e-02 +6.9e-03 +2.31e-01 +1.8e+01
      9                                                   +6.4e-03 +4.0e-03
      k     g'*d        al  AC   la1(H)     k(H)  cos(th)    ||g||        f         r        M
   [uosolLog]

tr_acc =

   99.4920


te_acc =

   99.2800

   [uosolLog]
   f  = @(w)nn.L(w,Xtr,ytr)
   epsG = 1.0e-02, maxiter =  100
   iAC = 4 (NW32)
      c1 = 0.01, c2 = 0.90
   isd = 1 (GM)
   ek = fk-f*
      k     g'*d        al  AC    ||g||        f         r        M
      1 -7.7e-02 +2.52e-01 SWC +2.8e-01 +2.5e-01 +8.79e-01 +5.8e+00
      2 -6.3e-02 +3.44e-01 SWC +2.5e-01 +2.3e-01 +8.48e-01 +6.4e+00
      3 -5.0e-02 +6.16e-01 SWC +2.2e-01 +2.1e-01 +7.52e-01 +6.7e+00
      4 -3.5e-02 +4.69e-01 SWC +1.9e-01 +1.8e-01 +8.15e-01 +9.6e+00
      5 -2.8e-02 +9.03e-01 SWC +1.7e-01 +1.7e-01 +6.71e-01 +9.7e+00
      6 -1.8e-02 +1.58e+00 SWC +1.3e-01 +1.4e-01 +5.01e-01 +1.1e+01
      7 -7.9e-03 +3.34e+00 SWC +8.9e-02 +1.2e-01 +2.14e-01 +9.2e+00
      8 -1.4e-03 +3.02e+00 SWC +3.8e-02 +1.0e-01 +3.25e-01 +6.5e+01
      9 -4.9e-04 +4.76e+00 SWC +2.2e-02 +1.0e-01 +3.25e-01 +6.5e+01
     10                        +9.5e-03 +9.8e-02
      k     g'*d        al  AC    ||g||        f         r        M
   la1 = +1.0e+00, lan = +1.0e+00, rUB = +0.00 
   [uosolLog]

tr_acc =

   99.5960


te_acc =

   99.5200

   [uosolLog]
   f  = @(w)nn.L(w,Xtr,ytr)
   epsG = 1.0e-02, maxiter =  100
   iAC = 4 (NW32)
      c1 = 0.01, c2 = 0.90
   isd = 3 (BFGS)
   ek = fk-f*
      k     g'*d        al  AC   la1(H)     k(H)  cos(th)    ||g||        f         r        M
      1 -7.7e-02 +2.52e-01 SWC +1.0e+00 +1.0e+00 +1.0e+00 +2.8e-01 +2.5e-01 +8.79e-01 +5.8e+00
      2 -2.3e-01 +3.65e-01 SWC +6.0e-01 +6.5e+00 +9.8e-01 +2.5e-01 +2.3e-01 +4.72e-01 +3.5e+00
      3 -1.1e-01 +2.79e-01 SWC +5.7e-01 +7.5e+00 +1.0e+00 +1.6e-01 +1.6e-01 +5.88e-01 +9.3e+00
      4 -6.0e-02 +1.65e-01 SWC +5.7e-01 +7.8e+00 +1.0e+00 +1.2e-01 +1.4e-01 +7.55e-01 +2.0e+01
      5 -4.6e-02 +2.55e-01 SWC +5.7e-01 +8.4e+00 +1.0e+00 +9.8e-02 +1.3e-01 +6.29e-01 +2.3e+01
      6 -2.9e-02 +2.04e-01 SWC +5.7e-01 +9.1e+00 +1.0e+00 +7.5e-02 +1.2e-01 +6.95e-01 +4.0e+01
      7 -2.1e-02 +4.09e-01 SWC +5.7e-01 +9.9e+00 +1.0e+00 +6.1e-02 +1.1e-01 +4.34e-01 +3.6e+01
      8 -9.0e-03 +7.78e-01 SWC +5.7e-01 +1.1e+01 +9.9e-01 +3.9e-02 +1.0e-01 +1.42e-01 +2.7e+01
      9 -1.1e-03 +1.90e+00 SWC +5.7e-01 +1.2e+01 +8.7e-01 +1.5e-02 +9.9e-02 +4.14e-01 +5.5e+02
     10 -5.1e-04 +1.21e+00 SWC +5.7e-01 +1.4e+01 +7.0e-01 +1.3e-02 +9.9e-02 +4.14e-01 +5.5e+02
     11                                                   +7.9e-03 +9.8e-02
      k     g'*d        al  AC   la1(H)     k(H)  cos(th)    ||g||        f         r        M
   [uosolLog]

tr_acc =

   99.6120


te_acc =

   99.5200

   [uosolLog]
   f  = @(w)nn.L(w,Xtr,ytr)
   epsG = 1.0e-02, maxiter =  100
   iAC = 4 (NW32)
      c1 = 0.01, c2 = 0.90
   isd = 1 (GM)
   ek = fk-f*
      k     g'*d        al  AC    ||g||        f         r        M
      1 -7.7e-02 +2.52e-01 SWC +2.8e-01 +2.5e-01 +8.49e-01 +7.0e+00
      2 -6.1e-02 +3.46e-01 SWC +2.5e-01 +2.3e-01 +8.09e-01 +7.9e+00
      3 -4.6e-02 +3.64e-01 SWC +2.2e-01 +2.1e-01 +8.09e-01 +9.7e+00
      4 -3.7e-02 +5.47e-01 SWC +1.9e-01 +2.0e-01 +7.26e-01 +1.1e+01
      5 -2.6e-02 +4.19e-01 SWC +1.6e-01 +1.8e-01 +7.89e-01 +1.6e+01
      6 -2.0e-02 +8.10e-01 SWC +1.4e-01 +1.7e-01 +6.22e-01 +1.6e+01
      7 -1.2e-02 +1.43e+00 SWC +1.1e-01 +1.5e-01 +4.13e-01 +1.7e+01
      8 -4.7e-03 +3.09e+00 SWC +6.9e-02 +1.4e-01 +8.33e-02 +8.4e+00
      9 -3.9e-04 +2.91e+00 SWC +2.0e-02 +1.3e-01 +8.33e-02 +8.4e+00
     10                        +9.4e-03 +1.3e-01
      k     g'*d        al  AC    ||g||        f         r        M
   la1 = +1.0e+00, lan = +1.0e+00, rUB = +0.00 
   [uosolLog]

tr_acc =

   99.4760


te_acc =

   99.2000

   [uosolLog]
   f  = @(w)nn.L(w,Xtr,ytr)
   epsG = 1.0e-02, maxiter =  100
   iAC = 4 (NW32)
      c1 = 0.01, c2 = 0.90
   isd = 3 (BFGS)
   ek = fk-f*
      k     g'*d        al  AC   la1(H)     k(H)  cos(th)    ||g||        f         r        M
      1 -7.7e-02 +2.52e-01 SWC +1.0e+00 +1.0e+00 +1.0e+00 +2.8e-01 +2.5e-01 +8.49e-01 +7.0e+00
      2 -2.0e-01 +3.68e-01 SWC +6.2e-01 +5.5e+00 +9.8e-01 +2.5e-01 +2.3e-01 +4.23e-01 +4.1e+00
      3 -8.2e-02 +2.81e-01 SWC +5.9e-01 +6.0e+00 +9.9e-01 +1.5e-01 +1.7e-01 +5.44e-01 +1.3e+01
      4 -4.3e-02 +1.67e-01 SWC +5.9e-01 +6.0e+00 +9.9e-01 +1.1e-01 +1.5e-01 +7.22e-01 +3.1e+01
      5 -3.1e-02 +2.58e-01 SWC +5.9e-01 +6.3e+00 +9.9e-01 +9.3e-02 +1.5e-01 +5.84e-01 +3.4e+01
      6 -1.9e-02 +2.07e-01 SWC +5.9e-01 +6.6e+00 +9.9e-01 +7.0e-02 +1.4e-01 +6.53e-01 +6.6e+01
      7 -1.2e-02 +4.17e-01 SWC +5.9e-01 +6.9e+00 +9.9e-01 +5.6e-02 +1.4e-01 +3.62e-01 +5.6e+01
      8 -4.7e-03 +7.97e-01 SWC +5.9e-01 +7.2e+00 +9.9e-01 +3.4e-02 +1.3e-01 +3.62e-01 +5.6e+01
      9                                                   +9.9e-03 +1.3e-01
      k     g'*d        al  AC   la1(H)     k(H)  cos(th)    ||g||        f         r        M
   [uosolLog]

tr_acc =

   99.4560


te_acc =

   99.1600

   [uosolLog]
   f  = @(w)nn.L(w,Xtr,ytr)
   epsG = 1.0e-02, maxiter =  100
   iAC = 4 (NW32)
      c1 = 0.01, c2 = 0.90
   isd = 1 (GM)
   ek = fk-f*
      k     g'*d        al  AC    ||g||        f         r        M
      1 -1.2e-01 +7.42e-01 SWC +3.4e-01 +2.5e-01 +6.82e-01 +2.8e+00
      2 -7.0e-02 +5.34e-01 SWC +2.7e-01 +1.7e-01 +7.92e-01 +4.8e+00
      3 -4.9e-02 +9.13e-01 SWC +2.2e-01 +1.4e-01 +7.06e-01 +5.4e+00
      4 -2.6e-02 +7.31e-01 SWC +1.6e-01 +1.0e-01 +8.10e-01 +8.8e+00
      5 -1.8e-02 +1.45e+00 SWC +1.3e-01 +8.3e-02 +7.07e-01 +9.5e+00
      6 -9.1e-03 +2.60e+00 SWC +9.5e-02 +6.1e-02 +6.39e-01 +1.2e+01
      7 -3.8e-03 +5.46e+00 SWC +6.2e-02 +4.2e-02 +5.33e-01 +1.6e+01
      8 -1.2e-03 +4.62e+00 SWC +3.5e-02 +2.6e-02 +7.17e-01 +4.0e+01
      9 -7.6e-04 +6.72e+00 SWC +2.8e-02 +2.1e-02 +6.56e-01 +5.1e+01
     10 -4.4e-04 +6.33e+00 SWC +2.1e-02 +1.7e-02 +7.04e-01 +8.3e+01
     11 -3.0e-04 +1.18e+01 SWC +1.7e-02 +1.4e-02 +4.94e-01 +8.3e+01
     12 -1.6e-04 +7.94e+00 SWC +1.3e-02 +1.1e-02 +5.92e-01 +2.0e+02
     13 -1.2e-04 +1.64e+01 SWC +1.1e-02 +9.8e-03 +5.92e-01 +2.0e+02
     14                        +8.5e-03 +8.0e-03
      k     g'*d        al  AC    ||g||        f         r        M
   la1 = +1.0e+00, lan = +1.0e+00, rUB = +0.00 
   [uosolLog]

tr_acc =

   99.8160


te_acc =

   99.8400

   [uosolLog]
   f  = @(w)nn.L(w,Xtr,ytr)
   epsG = 1.0e-02, maxiter =  100
   iAC = 4 (NW32)
      c1 = 0.01, c2 = 0.90
   isd = 3 (BFGS)
   ek = fk-f*
      k     g'*d        al  AC   la1(H)     k(H)  cos(th)    ||g||        f         r        M
      1 -1.2e-01 +7.42e-01 SWC +1.0e+00 +1.0e+00 +1.0e+00 +3.4e-01 +2.5e-01 +6.87e-01 +2.8e+00
      2 -2.4e-01 +6.32e-01 SWC +9.9e-01 +3.4e+00 +1.0e+00 +2.7e-01 +1.7e-01 +3.93e-01 +2.3e+00
      3 -4.5e-02 +4.14e-01 SWC +9.9e-01 +3.7e+00 +1.0e+00 +1.1e-01 +7.0e-02 +7.58e-01 +1.1e+01
      4 -3.9e-02 +7.09e-01 SWC +9.8e-01 +5.9e+00 +9.9e-01 +8.3e-02 +5.4e-02 +5.88e-01 +1.2e+01
      5 -1.8e-02 +6.56e-01 SWC +9.8e-01 +9.1e+00 +9.7e-01 +4.7e-02 +3.4e-02 +6.75e-01 +2.3e+01
      6 -1.4e-02 +1.56e+00 SWC +9.9e-01 +1.6e+01 +9.2e-01 +3.2e-02 +2.4e-02 +3.57e-01 +1.8e+01
      7 -4.0e-03 +3.86e+00 SWC +1.0e+00 +3.8e+01 +7.2e-01 +1.4e-02 +1.1e-02 +3.57e-01 +1.8e+01
      8                                                   +3.6e-03 +4.0e-03
      k     g'*d        al  AC   la1(H)     k(H)  cos(th)    ||g||        f         r        M
   [uosolLog]

tr_acc =

   99.7520


te_acc =

   99.7200

   [uosolLog]
   f  = @(w)nn.L(w,Xtr,ytr)
   epsG = 1.0e-02, maxiter =  100
   iAC = 4 (NW32)
      c1 = 0.01, c2 = 0.90
   isd = 1 (GM)
   ek = fk-f*
      k     g'*d        al  AC    ||g||        f         r        M
      1 -1.2e-01 +7.42e-01 SWC +3.4e-01 +2.5e-01 +5.72e-01 +3.3e+00
      2 -6.4e-02 +5.43e-01 SWC +2.5e-01 +1.7e-01 +6.90e-01 +6.9e+00
      3 -4.1e-02 +3.11e-01 SWC +2.0e-01 +1.4e-01 +8.26e-01 +1.2e+01
      4 -3.2e-02 +4.69e-01 SWC +1.8e-01 +1.3e-01 +7.56e-01 +1.3e+01
      5 -2.3e-02 +3.60e-01 SWC +1.5e-01 +1.2e-01 +8.21e-01 +1.9e+01
      6 -1.8e-02 +6.94e-01 SWC +1.3e-01 +1.1e-01 +6.86e-01 +1.9e+01
      7 -1.1e-02 +1.22e+00 SWC +1.1e-01 +9.9e-02 +5.30e-01 +2.2e+01
      8 -5.2e-03 +2.55e+00 SWC +7.2e-02 +8.7e-02 +2.66e-01 +2.1e+01
      9 -1.1e-03 +2.28e+00 SWC +3.3e-02 +7.8e-02 +4.20e-01 +1.2e+02
     10 -4.2e-04 +3.52e+00 SWC +2.1e-02 +7.6e-02 +2.31e-01 +1.6e+02
     11 -1.2e-04 +3.57e+00 SWC +1.1e-02 +7.4e-02 +2.31e-01 +1.6e+02
     12                        +6.8e-03 +7.4e-02
      k     g'*d        al  AC    ||g||        f         r        M
   la1 = +1.0e+00, lan = +1.0e+00, rUB = +0.00 
   [uosolLog]

tr_acc =

   99.6160


te_acc =

   99.8000

   [uosolLog]
   f  = @(w)nn.L(w,Xtr,ytr)
   epsG = 1.0e-02, maxiter =  100
   iAC = 4 (NW32)
      c1 = 0.01, c2 = 0.90
   isd = 3 (BFGS)
   ek = fk-f*
      k     g'*d        al  AC   la1(H)     k(H)  cos(th)    ||g||        f         r        M
      1 -1.2e-01 +7.42e-01 SWC +1.0e+00 +1.0e+00 +1.0e+00 +3.4e-01 +2.5e-01 +5.71e-01 +3.3e+00
      2 -1.8e-01 +6.45e-01 SWC +9.9e-01 +2.9e+00 +1.0e+00 +2.5e-01 +1.7e-01 +2.04e-01 +2.0e+00
      3 -2.7e-02 +4.31e-01 SWC +9.9e-01 +3.0e+00 +1.0e+00 +9.6e-02 +9.5e-02 +5.27e-01 +2.6e+01
      4 -1.6e-02 +7.42e-01 SWC +9.8e-01 +4.0e+00 +1.0e+00 +6.5e-02 +8.5e-02 +2.35e-01 +2.2e+01
      5 -3.3e-03 +6.97e-01 SWC +9.8e-01 +4.9e+00 +9.5e-01 +2.8e-02 +7.7e-02 +3.52e-01 +1.4e+02
      6 -1.0e-03 +1.63e+00 SWC +1.0e+00 +5.9e+00 +8.4e-01 +1.6e-02 +7.5e-02 +3.23e-01 +3.6e+02
      7 -2.3e-04 +3.36e+00 SWC +9.9e-01 +7.2e+00 +7.5e-01 +1.3e-02 +7.5e-02 +3.23e-01 +3.6e+02
      8                                                   +9.6e-03 +7.4e-02
      k     g'*d        al  AC   la1(H)     k(H)  cos(th)    ||g||        f         r        M
   [uosolLog]

tr_acc =

   99.5480


te_acc =

   99.8000

   [uosolLog]
   f  = @(w)nn.L(w,Xtr,ytr)
   epsG = 1.0e-02, maxiter =  100
   iAC = 4 (NW32)
      c1 = 0.01, c2 = 0.90
   isd = 1 (GM)
   ek = fk-f*
      k     g'*d        al  AC    ||g||        f         r        M
      1 -1.2e-01 +7.42e-01 SWC +3.4e-01 +2.5e-01 +5.04e-01 +3.4e+00
      2 -5.8e-02 +5.52e-01 SWC +2.4e-01 +1.8e-01 +6.24e-01 +8.3e+00
      3 -3.4e-02 +3.21e-01 SWC +1.8e-01 +1.5e-01 +7.81e-01 +1.7e+01
      4 -2.6e-02 +4.88e-01 SWC +1.6e-01 +1.4e-01 +6.87e-01 +1.9e+01
      5 -1.7e-02 +3.80e-01 SWC +1.3e-01 +1.3e-01 +7.62e-01 +3.0e+01
      6 -1.2e-02 +7.42e-01 SWC +1.1e-01 +1.2e-01 +5.79e-01 +3.0e+01
      7 -6.8e-03 +1.33e+00 SWC +8.2e-02 +1.1e-01 +3.63e-01 +3.3e+01
      8 -2.2e-03 +2.92e+00 SWC +4.7e-02 +1.1e-01 +6.42e-02 +1.6e+01
      9 -1.3e-04 +2.65e+00 SWC +1.1e-02 +1.0e-01 +6.42e-02 +1.6e+01
     10                        +6.4e-03 +1.0e-01
      k     g'*d        al  AC    ||g||        f         r        M
   la1 = +1.0e+00, lan = +1.0e+00, rUB = +0.00 
   [uosolLog]

tr_acc =

   99.4400


te_acc =

   99.6800

   [uosolLog]
   f  = @(w)nn.L(w,Xtr,ytr)
   epsG = 1.0e-02, maxiter =  100
   iAC = 4 (NW32)
      c1 = 0.01, c2 = 0.90
   isd = 3 (BFGS)
   ek = fk-f*
      k     g'*d        al  AC   la1(H)     k(H)  cos(th)    ||g||        f         r        M
      1 -1.2e-01 +7.42e-01 SWC +1.0e+00 +1.0e+00 +1.0e+00 +3.4e-01 +2.5e-01 +5.04e-01 +3.4e+00
      2 -1.5e-01 +6.52e-01 SWC +9.9e-01 +2.5e+00 +1.0e+00 +2.4e-01 +1.8e-01 +1.58e-01 +2.1e+00
      3 -1.8e-02 +4.41e-01 SWC +9.9e-01 +2.6e+00 +1.0e+00 +8.5e-02 +1.1e-01 +4.44e-01 +3.8e+01
      4 -8.8e-03 +7.62e-01 SWC +9.8e-01 +3.1e+00 +1.0e+00 +5.4e-02 +1.1e-01 +1.57e-01 +3.0e+01
      5 -1.2e-03 +7.20e-01 SWC +9.7e-01 +3.5e+00 +9.5e-01 +2.0e-02 +1.0e-01 +2.80e-01 +3.4e+02
      6 -3.4e-04 +1.65e+00 SWC +9.9e-01 +4.1e+00 +8.6e-01 +1.1e-02 +1.0e-01 +2.80e-01 +3.4e+02
      7                                                   +9.8e-03 +1.0e-01
      k     g'*d        al  AC   la1(H)     k(H)  cos(th)    ||g||        f         r        M
   [uosolLog]

tr_acc =

   99.4440


te_acc =

   99.6800

   [uosolLog]
   f  = @(w)nn.L(w,Xtr,ytr)
   epsG = 1.0e-02, maxiter =  100
   iAC = 4 (NW32)
      c1 = 0.01, c2 = 0.90
   isd = 1 (GM)
   ek = fk-f*
      k     g'*d        al  AC    ||g||        f         r        M
      1 -4.6e-02 +2.52e-01 SWC +2.2e-01 +2.5e-01 +9.50e-01 +4.4e+00
      2 -3.4e-02 +3.46e-01 SWC +1.8e-01 +2.4e-01 +9.46e-01 +4.7e+00
      3 -2.7e-02 +6.13e-01 SWC +1.6e-01 +2.3e-01 +9.20e-01 +4.8e+00
      4 -2.2e-02 +1.19e+00 SWC +1.5e-01 +2.1e-01 +8.60e-01 +4.9e+00
      5 -1.7e-02 +2.00e+00 SWC +1.3e-01 +1.9e-01 +7.96e-01 +5.2e+00
     39 -1.1e-03 +2.04e+00 SWC +3.3e-02 +4.1e-02 +7.91e-01 +1.6e+02
     40 -1.7e-04 +2.42e+00 SWC +1.3e-02 +4.0e-02 +9.12e-01 +2.3e+02
     41 -1.4e-04 +4.43e+00 SWC +1.2e-02 +4.0e-02 +8.43e-01 +2.3e+02
     42 -1.3e-04 +2.70e+00 SWC +1.1e-02 +3.9e-02 +8.91e-01 +2.9e+02
     43 -1.2e-04 +5.51e+00 <10^-3 +1.1e-02 +3.9e-02 +7.69e-01 +2.8e+02
     44 -1.2e-04 +5.03e+00 SWC +1.1e-02 +3.8e-02 +7.50e-01 +3.6e+02
     45 -1.2e-04 +1.23e+01 SWC +1.1e-02 +3.8e-02 +5.43e-01 +3.5e+02
     46 -5.7e-04 +2.58e+00 SWC +2.4e-02 +3.7e-02 +1.97e-01 +2.3e+02
     47 -1.1e-04 +1.68e+00 SWC +1.1e-02 +3.7e-02 +1.97e-01 +2.3e+02
     48                        +9.0e-03 +3.6e-02
      k     g'*d        al  AC    ||g||        f         r        M
   la1 = +1.0e+00, lan = +1.0e+00, rUB = +0.00 
   [uosolLog]

tr_acc =

   96.9160


te_acc =

   96.9200

   [uosolLog]
   f  = @(w)nn.L(w,Xtr,ytr)
   epsG = 1.0e-02, maxiter =  100
   iAC = 4 (NW32)
      c1 = 0.01, c2 = 0.90
   isd = 3 (BFGS)
   ek = fk-f*
      k     g'*d        al  AC   la1(H)     k(H)  cos(th)    ||g||        f         r        M
      1 -4.6e-02 +2.52e-01 SWC +1.0e+00 +1.0e+00 +1.0e+00 +2.2e-01 +2.5e-01 +9.50e-01 +4.4e+00
      2 -1.0e-01 +3.55e-01 SWC +5.0e-01 +6.5e+00 +9.8e-01 +1.8e-01 +2.4e-01 +8.40e-01 +4.1e+00
      3 -1.4e-01 +2.60e-01 SWC +3.6e-01 +1.9e+01 +9.9e-01 +1.4e-01 +2.1e-01 +8.14e-01 +4.7e+00
      4 -1.2e-01 +1.52e-01 SWC +3.3e-01 +2.7e+01 +9.1e-01 +1.3e-01 +1.7e-01 +8.75e-01 +6.3e+00
      5 -1.1e-01 +2.33e-01 SWC +3.3e-01 +3.1e+01 +8.8e-01 +1.2e-01 +1.6e-01 +8.18e-01 +6.7e+00
      6 -7.6e-02 +1.84e-01 SWC +3.3e-01 +3.4e+01 +8.3e-01 +1.0e-01 +1.3e-01 +8.71e-01 +8.7e+00
      7 -6.5e-02 +3.66e-01 SWC +3.4e-01 +3.9e+01 +8.2e-01 +8.7e-02 +1.2e-01 +7.69e-01 +8.8e+00
      8 -4.3e-02 +6.79e-01 SWC +3.4e-01 +4.9e+01 +7.7e-01 +6.7e-02 +1.0e-01 +6.63e-01 +9.9e+00
      9 -2.5e-02 +1.60e+00 SWC +3.4e-01 +7.9e+01 +6.7e-01 +4.6e-02 +7.9e-02 +4.35e-01 +9.8e+00
     10 -9.0e-03 +1.86e+00 SWC +3.4e-01 +1.9e+02 +5.0e-01 +2.4e-02 +5.4e-02 +4.39e-01 +2.3e+01
     11 -4.4e-03 +4.42e+00 SWC +3.4e-01 +5.8e+02 +3.0e-01 +1.6e-02 +4.3e-02 +2.09e-01 +2.5e+01
     12 -2.4e-04 +4.22e+00 SWC +3.4e-01 +2.5e+03 +8.4e-02 +2.4e-02 +3.7e-02 +4.88e-01 +2.7e+02
     13 -3.7e-03 +1.45e+01 SWC +7.2e-01 +2.4e+03 +1.0e-01 +2.0e-02 +3.6e-02 +4.88e-01 +2.7e+02
     14                                                   +8.0e-03 +3.5e-02
      k     g'*d        al  AC   la1(H)     k(H)  cos(th)    ||g||        f         r        M
   [uosolLog]

tr_acc =

   96.0800


te_acc =

   96.1600

   [uosolLog]
   f  = @(w)nn.L(w,Xtr,ytr)
   epsG = 1.0e-02, maxiter =  100
   iAC = 4 (NW32)
      c1 = 0.01, c2 = 0.90
   isd = 1 (GM)
   ek = fk-f*
      k     g'*d        al  AC    ||g||        f         r        M
      1 -4.6e-02 +2.52e-01 SWC +2.2e-01 +2.5e-01 +8.97e-01 +8.6e+00
      2 -3.3e-02 +3.48e-01 SWC +1.8e-01 +2.4e-01 +8.86e-01 +9.5e+00
      3 -2.5e-02 +6.21e-01 SWC +1.6e-01 +2.3e-01 +8.27e-01 +1.0e+01
      4 -1.9e-02 +1.22e+00 SWC +1.4e-01 +2.1e-01 +6.86e-01 +1.0e+01
      5 -1.3e-02 +2.12e+00 SWC +1.1e-01 +1.9e-01 +5.10e-01 +1.1e+01
      6 -6.1e-03 +4.47e+00 SWC +7.8e-02 +1.7e-01 +2.22e-01 +9.2e+00
      7 -1.2e-03 +5.36e+00 SWC +3.5e-02 +1.5e-01 +7.32e-01 +1.4e+02
      8 -8.5e-03 +9.15e-01 SWC +9.2e-02 +1.5e-01 +3.39e-01 +8.7e+01
      9 -1.2e-03 +1.18e+00 SWC +3.5e-02 +1.5e-01 +6.73e-01 +5.1e+02
     10 -6.3e-04 +1.68e+00 SWC +2.5e-02 +1.5e-01 +8.82e-01 +9.9e+02
     11 -1.0e-03 +1.00e+00 SWC +3.2e-02 +1.5e-01 +5.05e-01 +6.4e+02
     12 -2.6e-04 +1.39e+00 SWC +1.6e-02 +1.5e-01 +6.37e-01 +1.6e+03
     13 -2.3e-04 +2.06e+00 SWC +1.5e-02 +1.5e-01 +8.93e-01 +3.5e+03
     14 -6.1e-04 +6.29e-01 SWC +2.5e-02 +1.5e-01 +8.93e-01 +3.5e+03
     15                        +7.8e-03 +1.5e-01
      k     g'*d        al  AC    ||g||        f         r        M
   la1 = +1.0e+00, lan = +1.0e+00, rUB = +0.00 
   [uosolLog]

tr_acc =

   90.8120


te_acc =

   90.4800

   [uosolLog]
   f  = @(w)nn.L(w,Xtr,ytr)
   epsG = 1.0e-02, maxiter =  100
   iAC = 4 (NW32)
      c1 = 0.01, c2 = 0.90
   isd = 3 (BFGS)
   ek = fk-f*
      k     g'*d        al  AC   la1(H)     k(H)  cos(th)    ||g||        f         r        M
      1 -4.6e-02 +2.52e-01 SWC +1.0e+00 +1.0e+00 +1.0e+00 +2.2e-01 +2.5e-01 +8.97e-01 +8.6e+00
      2 -9.1e-02 +3.58e-01 SWC +5.0e-01 +5.8e+00 +9.8e-01 +1.8e-01 +2.4e-01 +6.95e-01 +7.4e+00
      3 -9.8e-02 +2.66e-01 SWC +3.9e-01 +1.4e+01 +1.0e+00 +1.4e-01 +2.1e-01 +6.46e-01 +9.9e+00
      4 -7.1e-02 +1.56e-01 SWC +3.7e-01 +1.7e+01 +9.7e-01 +1.1e-01 +1.9e-01 +7.55e-01 +1.8e+01
      5 -5.5e-02 +2.41e-01 SWC +3.7e-01 +1.8e+01 +9.6e-01 +9.5e-02 +1.8e-01 +6.34e-01 +2.0e+01
      6 -3.4e-02 +1.91e-01 SWC +3.7e-01 +1.9e+01 +9.4e-01 +7.5e-02 +1.7e-01 +7.10e-01 +3.5e+01
      7 -2.4e-02 +3.82e-01 SWC +3.7e-01 +1.9e+01 +9.4e-01 +6.2e-02 +1.6e-01 +4.83e-01 +3.4e+01
      8 -1.1e-02 +7.19e-01 SWC +3.7e-01 +2.0e+01 +9.1e-01 +4.1e-02 +1.5e-01 +2.66e-01 +3.8e+01
      9 -1.7e-03 +1.71e+00 SWC +3.7e-01 +2.3e+01 +7.6e-01 +1.9e-02 +1.5e-01 +5.29e-01 +2.9e+02
     10 -4.9e-04 +1.86e+00 SWC +3.8e-01 +2.6e+01 +5.9e-01 +1.6e-02 +1.5e-01 +5.87e-01 +6.0e+02
     11 -2.7e-04 +2.88e+00 SWC +3.8e-01 +2.4e+01 +8.9e-01 +1.2e-02 +1.5e-01 +5.87e-01 +6.0e+02
     12                                                   +8.0e-03 +1.5e-01
      k     g'*d        al  AC   la1(H)     k(H)  cos(th)    ||g||        f         r        M
   [uosolLog]

tr_acc =

   90.9080


te_acc =

   90.4800

   [uosolLog]
   f  = @(w)nn.L(w,Xtr,ytr)
   epsG = 1.0e-02, maxiter =  100
   iAC = 4 (NW32)
      c1 = 0.01, c2 = 0.90
   isd = 1 (GM)
   ek = fk-f*
      k     g'*d        al  AC    ||g||        f         r        M
      1 -4.6e-02 +2.52e-01 SWC +2.2e-01 +2.5e-01 +8.63e-01 +1.1e+01
      2 -3.2e-02 +3.50e-01 SWC +1.8e-01 +2.4e-01 +8.45e-01 +1.3e+01
      3 -2.3e-02 +3.67e-01 SWC +1.5e-01 +2.3e-01 +8.57e-01 +1.5e+01
      4 -1.9e-02 +5.44e-01 SWC +1.4e-01 +2.2e-01 +7.97e-01 +1.6e+01
      5 -1.5e-02 +1.08e+00 SWC +1.2e-01 +2.1e-01 +6.22e-01 +1.6e+01
      6 -9.3e-03 +1.90e+00 SWC +9.6e-02 +2.0e-01 +4.02e-01 +1.7e+01
      7 -3.6e-03 +4.13e+00 SWC +6.0e-02 +1.8e-01 +7.60e-02 +7.9e+00
      8 -4.8e-04 +2.06e+00 SWC +2.2e-02 +1.7e-01 +8.80e-01 +1.2e+03
      9 -1.4e-03 +8.82e-01 SWC +3.8e-02 +1.7e-01 +3.38e-01 +5.3e+02
     10 -3.3e-04 +1.13e+00 SWC +1.8e-02 +1.7e-01 +4.40e-01 +2.0e+03
     11 -2.3e-04 +8.21e-01 SWC +1.5e-02 +1.7e-01 +4.40e-01 +2.0e+03
     12                        +8.3e-03 +1.7e-01
      k     g'*d        al  AC    ||g||        f         r        M
   la1 = +1.0e+00, lan = +1.0e+00, rUB = +0.00 
   [uosolLog]

tr_acc =

   87.2160


te_acc =

   87.3200

   [uosolLog]
   f  = @(w)nn.L(w,Xtr,ytr)
   epsG = 1.0e-02, maxiter =  100
   iAC = 4 (NW32)
      c1 = 0.01, c2 = 0.90
   isd = 3 (BFGS)
   ek = fk-f*
      k     g'*d        al  AC   la1(H)     k(H)  cos(th)    ||g||        f         r        M
      1 -4.6e-02 +2.52e-01 SWC +1.0e+00 +1.0e+00 +1.0e+00 +2.2e-01 +2.5e-01 +8.63e-01 +1.1e+01
      2 -8.1e-02 +3.60e-01 SWC +5.1e-01 +5.3e+00 +9.7e-01 +1.8e-01 +2.4e-01 +6.23e-01 +9.3e+00
      3 -7.3e-02 +2.70e-01 SWC +4.1e-01 +1.1e+01 +1.0e+00 +1.3e-01 +2.1e-01 +5.87e-01 +1.4e+01
      4 -4.6e-02 +1.60e-01 SWC +4.0e-01 +1.2e+01 +9.9e-01 +9.8e-02 +2.0e-01 +7.21e-01 +3.0e+01
      5 -3.4e-02 +2.46e-01 SWC +4.0e-01 +1.3e+01 +9.9e-01 +8.3e-02 +1.9e-01 +5.87e-01 +3.3e+01
      6 -2.0e-02 +1.96e-01 SWC +4.0e-01 +1.3e+01 +9.9e-01 +6.3e-02 +1.8e-01 +6.64e-01 +6.4e+01
      7 -1.3e-02 +3.93e-01 SWC +4.0e-01 +1.3e+01 +9.9e-01 +5.1e-02 +1.8e-01 +3.97e-01 +5.8e+01
      8 -5.1e-03 +7.45e-01 SWC +4.0e-01 +1.3e+01 +9.8e-01 +3.2e-02 +1.8e-01 +1.03e-01 +3.8e+01
      9 -5.0e-04 +1.80e+00 SWC +4.0e-01 +1.4e+01 +8.6e-01 +1.1e-02 +1.7e-01 +2.66e-01 +9.5e+02
     10 -2.3e-04 +2.20e+00 SWC +4.0e-01 +1.5e+01 +7.2e-01 +1.0e-02 +1.7e-01 +2.66e-01 +9.5e+02
     11                                                   +7.4e-03 +1.7e-01
      k     g'*d        al  AC   la1(H)     k(H)  cos(th)    ||g||        f         r        M
   [uosolLog]

tr_acc =

   87.4040


te_acc =

   87.4800

   [uosolLog]
   f  = @(w)nn.L(w,Xtr,ytr)
   epsG = 1.0e-02, maxiter =  100
   iAC = 4 (NW32)
      c1 = 0.01, c2 = 0.90
   isd = 1 (GM)
   ek = fk-f*
      k     g'*d        al  AC    ||g||        f         r        M
      1 -5.0e-02 +2.52e-01 SWC +2.2e-01 +2.5e-01 +9.48e-01 +4.2e+00
      2 -3.9e-02 +3.43e-01 SWC +2.0e-01 +2.4e-01 +9.41e-01 +4.4e+00
      3 -3.2e-02 +6.05e-01 SWC +1.8e-01 +2.3e-01 +9.08e-01 +4.5e+00
      4 -2.7e-02 +1.18e+00 SWC +1.6e-01 +2.1e-01 +8.37e-01 +4.6e+00
      5 -2.1e-02 +1.98e+00 SWC +1.4e-01 +1.8e-01 +7.60e-01 +4.9e+00
     24 -2.7e-03 +3.66e+00 SWC +5.2e-02 +3.1e-02 +7.95e-01 +9.8e+01
     25 -1.7e-03 +4.53e+00 SWC +4.1e-02 +2.9e-02 +9.05e-01 +1.4e+02
     26 -1.9e-03 +3.85e+00 SWC +4.4e-02 +2.9e-02 +7.42e-01 +1.3e+02
     27 -1.1e-03 +3.66e+00 SWC +3.3e-02 +2.7e-02 +6.99e-01 +1.6e+02
     28 -4.6e-04 +6.13e+00 SWC +2.1e-02 +2.6e-02 +8.88e-01 +2.9e+02
     29 -8.6e-04 +5.62e+00 SWC +2.9e-02 +2.6e-02 +9.20e-01 +3.4e+02
     30 -1.2e-03 +4.38e+00 SWC +3.5e-02 +2.5e-02 +5.14e-01 +2.1e+02
     31 -6.5e-04 +2.08e+00 SWC +2.6e-02 +2.4e-02 +2.89e-01 +2.3e+02
     32 -1.2e-04 +3.48e+00 SWC +1.1e-02 +2.3e-02 +2.89e-01 +2.3e+02
     33                        +9.7e-03 +2.3e-02
      k     g'*d        al  AC    ||g||        f         r        M
   la1 = +1.0e+00, lan = +1.0e+00, rUB = +0.00 
   [uosolLog]

tr_acc =

   98.5040


te_acc =

   98.3600

   [uosolLog]
   f  = @(w)nn.L(w,Xtr,ytr)
   epsG = 1.0e-02, maxiter =  100
   iAC = 4 (NW32)
      c1 = 0.01, c2 = 0.90
   isd = 3 (BFGS)
   ek = fk-f*
      k     g'*d        al  AC   la1(H)     k(H)  cos(th)    ||g||        f         r        M
      1 -5.0e-02 +2.52e-01 SWC +1.0e+00 +1.0e+00 +1.0e+00 +2.2e-01 +2.5e-01 +9.50e-01 +4.0e+00
      2 -1.6e-01 +3.56e-01 SWC +5.1e-01 +8.0e+00 +9.8e-01 +2.0e-01 +2.4e-01 +7.84e-01 +3.5e+00
      3 -1.7e-01 +2.63e-01 SWC +3.9e-01 +1.9e+01 +9.8e-01 +1.5e-01 +1.9e-01 +7.75e-01 +4.4e+00
      4 -1.4e-01 +1.54e-01 SWC +3.8e-01 +2.5e+01 +9.1e-01 +1.3e-01 +1.5e-01 +8.57e-01 +6.3e+00
      5 -1.2e-01 +2.37e-01 SWC +3.8e-01 +2.7e+01 +8.9e-01 +1.2e-01 +1.3e-01 +7.90e-01 +6.8e+00
      6 -8.3e-02 +1.88e-01 SWC +3.8e-01 +3.0e+01 +8.7e-01 +9.8e-02 +1.1e-01 +8.45e-01 +9.2e+00
      7 -6.9e-02 +3.74e-01 SWC +3.8e-01 +3.6e+01 +8.7e-01 +8.3e-02 +9.2e-02 +7.19e-01 +9.3e+00
      8 -4.3e-02 +6.97e-01 SWC +3.8e-01 +4.5e+01 +8.6e-01 +5.9e-02 +7.0e-02 +5.92e-01 +1.1e+01
      9 -2.1e-02 +1.66e+00 SWC +3.8e-01 +7.0e+01 +8.4e-01 +3.4e-02 +4.8e-02 +3.77e-01 +1.1e+01
     10 -5.3e-03 +1.89e+00 SWC +3.8e-01 +1.7e+02 +5.8e-01 +1.6e-02 +2.7e-02 +4.72e-01 +3.8e+01
     11 -3.0e-03 +4.66e+00 SWC +3.8e-01 +5.3e+02 +2.7e-01 +1.5e-02 +2.1e-02 +1.55e-01 +2.6e+01
     12 -1.5e-04 +5.49e+00 SWC +3.9e-01 +2.5e+03 +4.2e-02 +1.4e-02 +1.6e-02 +3.37e-01 +3.7e+02
     13 -4.7e-04 +1.46e+01 SWC +6.9e-01 +6.5e+03 +3.2e-02 +1.2e-02 +1.5e-02 +3.37e-01 +3.7e+02
     14                                                   +2.7e-03 +1.5e-02
      k     g'*d        al  AC   la1(H)     k(H)  cos(th)    ||g||        f         r        M
   [uosolLog]

tr_acc =

   98.2960


te_acc =

   98.2400

   [uosolLog]
   f  = @(w)nn.L(w,Xtr,ytr)
   epsG = 1.0e-02, maxiter =  100
   iAC = 4 (NW32)
      c1 = 0.01, c2 = 0.90
   isd = 1 (GM)
   ek = fk-f*
      k     g'*d        al  AC    ||g||        f         r        M
      1 -5.0e-02 +2.52e-01 SWC +2.2e-01 +2.5e-01 +9.05e-01 +7.4e+00
      2 -3.8e-02 +3.45e-01 SWC +2.0e-01 +2.4e-01 +8.88e-01 +8.0e+00
      3 -3.0e-02 +6.13e-01 SWC +1.7e-01 +2.3e-01 +8.24e-01 +8.4e+00
      4 -2.4e-02 +1.21e+00 SWC +1.5e-01 +2.1e-01 +6.78e-01 +8.4e+00
      5 -1.6e-02 +2.10e+00 SWC +1.3e-01 +1.8e-01 +4.97e-01 +9.0e+00
      6 -7.3e-03 +4.46e+00 SWC +8.5e-02 +1.5e-01 +1.98e-01 +7.2e+00
      7 -2.0e-03 +1.93e+00 SWC +4.5e-02 +1.3e-01 +7.35e-01 +1.4e+02
      8 -3.3e-03 +1.38e+00 SWC +5.7e-02 +1.3e-01 +7.46e-01 +1.9e+02
      9 -2.7e-03 +1.01e+00 SWC +5.2e-02 +1.3e-01 +6.00e-01 +2.0e+02
     10 -7.1e-04 +2.31e+00 SWC +2.7e-02 +1.3e-01 +7.50e-01 +4.2e+02
     11 -1.6e-03 +1.56e+00 SWC +3.9e-02 +1.3e-01 +8.06e-01 +6.0e+02
     12 -1.8e-03 +1.52e+00 SWC +4.2e-02 +1.3e-01 +8.39e-01 +7.8e+02
     13 -1.8e-03 +1.31e+00 SWC +4.3e-02 +1.3e-01 +4.82e-01 +5.3e+02
     14 -9.9e-04 +3.04e-01 SWC +3.1e-02 +1.3e-01 +4.40e-01 +1.0e+03
     15 -4.0e-04 +1.51e-01 SWC +2.0e-02 +1.3e-01 +7.13e-01 +3.7e+03
     16 -2.8e-04 +1.36e-01 SWC +1.7e-02 +1.3e-01 +7.41e-01 +5.4e+03
     17 -2.1e-04 +2.86e-01 SWC +1.5e-02 +1.3e-01 +4.73e-01 +4.7e+03
     18 -1.3e-04 +4.28e-01 SWC +1.1e-02 +1.3e-01 +4.73e-01 +4.7e+03
     19                        +9.0e-03 +1.3e-01
      k     g'*d        al  AC    ||g||        f         r        M
   la1 = +1.0e+00, lan = +1.0e+00, rUB = +0.00 
   [uosolLog]

tr_acc =

   98.0840


te_acc =

   97.8800

   [uosolLog]
   f  = @(w)nn.L(w,Xtr,ytr)
   epsG = 1.0e-02, maxiter =  100
   iAC = 4 (NW32)
      c1 = 0.01, c2 = 0.90
   isd = 3 (BFGS)
   ek = fk-f*
      k     g'*d        al  AC   la1(H)     k(H)  cos(th)    ||g||        f         r        M
      1 -5.0e-02 +2.52e-01 SWC +1.0e+00 +1.0e+00 +1.0e+00 +2.2e-01 +2.5e-01 +9.05e-01 +7.4e+00
      2 -1.3e-01 +3.59e-01 SWC +5.2e-01 +6.9e+00 +9.8e-01 +2.0e-01 +2.4e-01 +6.30e-01 +5.7e+00
      3 -1.1e-01 +2.69e-01 SWC +4.3e-01 +1.3e+01 +1.0e+00 +1.4e-01 +2.0e-01 +6.12e-01 +8.8e+00
      4 -7.5e-02 +1.59e-01 SWC +4.2e-01 +1.5e+01 +9.7e-01 +1.1e-01 +1.7e-01 +7.44e-01 +1.7e+01
      5 -5.6e-02 +2.45e-01 SWC +4.2e-01 +1.6e+01 +9.6e-01 +9.6e-02 +1.6e-01 +6.20e-01 +1.9e+01
      6 -3.4e-02 +1.95e-01 SWC +4.2e-01 +1.6e+01 +9.6e-01 +7.4e-02 +1.5e-01 +6.93e-01 +3.5e+01
      7 -2.4e-02 +3.90e-01 SWC +4.2e-01 +1.7e+01 +9.6e-01 +6.1e-02 +1.4e-01 +4.43e-01 +3.2e+01
      8 -1.0e-02 +7.37e-01 SWC +4.2e-01 +1.8e+01 +9.5e-01 +3.9e-02 +1.3e-01 +1.80e-01 +3.0e+01
      9 -1.3e-03 +1.77e+00 SWC +4.2e-01 +2.0e+01 +8.0e-01 +1.7e-02 +1.3e-01 +4.42e-01 +4.0e+02
     10 -5.0e-04 +2.08e+00 SWC +4.2e-01 +2.2e+01 +6.2e-01 +1.4e-02 +1.3e-01 +4.74e-01 +9.8e+02
     11 -3.4e-04 +2.28e+00 SWC +4.2e-01 +2.1e+01 +7.1e-01 +1.1e-02 +1.3e-01 +4.74e-01 +9.8e+02
     12                                                   +1.0e-02 +1.3e-01
      k     g'*d        al  AC   la1(H)     k(H)  cos(th)    ||g||        f         r        M
   [uosolLog]

tr_acc =

   98.0600


te_acc =

   97.9600

   [uosolLog]
   f  = @(w)nn.L(w,Xtr,ytr)
   epsG = 1.0e-02, maxiter =  100
   iAC = 4 (NW32)
      c1 = 0.01, c2 = 0.90
   isd = 1 (GM)
   ek = fk-f*
      k     g'*d        al  AC    ||g||        f         r        M
      1 -5.0e-02 +2.52e-01 SWC +2.2e-01 +2.5e-01 +8.73e-01 +9.5e+00
      2 -3.7e-02 +3.47e-01 SWC +1.9e-01 +2.4e-01 +8.50e-01 +1.1e+01
      3 -2.8e-02 +6.21e-01 SWC +1.7e-01 +2.3e-01 +7.62e-01 +1.1e+01
      4 -2.1e-02 +1.25e+00 SWC +1.4e-01 +2.1e-01 +5.63e-01 +1.1e+01
      5 -1.2e-02 +2.23e+00 SWC +1.1e-01 +1.9e-01 +3.18e-01 +1.1e+01
      6 -3.5e-03 +4.96e+00 SWC +5.9e-02 +1.7e-01 +2.07e-02 +2.2e+00
      7 -2.0e-04 +1.42e+00 SWC +1.4e-02 +1.6e-01 +4.68e-01 +2.4e+03
      8 -2.1e-04 +8.55e-01 SWC +1.4e-02 +1.6e-01 +4.68e-01 +2.4e+03
      9                        +7.8e-03 +1.6e-01
      k     g'*d        al  AC    ||g||        f         r        M
   la1 = +1.0e+00, lan = +1.0e+00, rUB = +0.00 
   [uosolLog]

tr_acc =

   95.6960


te_acc =

   95.2800

   [uosolLog]
   f  = @(w)nn.L(w,Xtr,ytr)
   epsG = 1.0e-02, maxiter =  100
   iAC = 4 (NW32)
      c1 = 0.01, c2 = 0.90
   isd = 3 (BFGS)
   ek = fk-f*
      k     g'*d        al  AC   la1(H)     k(H)  cos(th)    ||g||        f         r        M
      1 -5.0e-02 +2.52e-01 SWC +1.0e+00 +1.0e+00 +1.0e+00 +2.2e-01 +2.5e-01 +8.73e-01 +9.5e+00
      2 -1.1e-01 +3.62e-01 SWC +5.3e-01 +6.0e+00 +9.8e-01 +1.9e-01 +2.4e-01 +5.59e-01 +7.0e+00
      3 -8.3e-02 +2.74e-01 SWC +4.6e-01 +1.0e+01 +1.0e+00 +1.3e-01 +2.0e-01 +5.61e-01 +1.3e+01
      4 -4.8e-02 +1.62e-01 SWC +4.5e-01 +1.1e+01 +1.0e+00 +1.0e-01 +1.8e-01 +7.16e-01 +2.9e+01
      5 -3.4e-02 +2.50e-01 SWC +4.5e-01 +1.1e+01 +1.0e+00 +8.4e-02 +1.8e-01 +5.81e-01 +3.2e+01
      6 -2.0e-02 +2.00e-01 SWC +4.5e-01 +1.1e+01 +9.9e-01 +6.3e-02 +1.7e-01 +6.56e-01 +6.3e+01
      7 -1.3e-02 +4.01e-01 SWC +4.5e-01 +1.1e+01 +9.9e-01 +5.1e-02 +1.7e-01 +3.78e-01 +5.5e+01
      8 -5.1e-03 +7.63e-01 SWC +4.5e-01 +1.2e+01 +9.9e-01 +3.1e-02 +1.6e-01 +5.95e-02 +2.3e+01
      9 -4.2e-04 +1.86e+00 SWC +4.5e-01 +1.2e+01 +8.7e-01 +1.0e-02 +1.6e-01 +5.95e-02 +2.3e+01
     10                                                   +9.5e-03 +1.6e-01
      k     g'*d        al  AC   la1(H)     k(H)  cos(th)    ||g||        f         r        M
   [uosolLog]

tr_acc =

   96.1280


te_acc =

   95.9600

   [uosolLog]
   f  = @(w)nn.L(w,Xtr,ytr)
   epsG = 1.0e-02, maxiter =  100
   iAC = 4 (NW32)
      c1 = 0.01, c2 = 0.90
   isd = 1 (GM)
   ek = fk-f*
      k     g'*d        al  AC    ||g||        f         r        M
      1 -5.8e-02 +2.52e-01 SWC +2.4e-01 +2.5e-01 +9.41e-01 +4.0e+00
      2 -4.7e-02 +3.42e-01 SWC +2.2e-01 +2.4e-01 +9.31e-01 +4.2e+00
      3 -3.9e-02 +6.04e-01 SWC +2.0e-01 +2.2e-01 +8.92e-01 +4.3e+00
      4 -3.2e-02 +1.18e+00 SWC +1.8e-01 +2.0e-01 +8.08e-01 +4.4e+00
      5 -2.4e-02 +2.01e+00 SWC +1.5e-01 +1.6e-01 +7.18e-01 +4.8e+00
      6 -1.4e-02 +4.11e+00 SWC +1.2e-01 +1.2e-01 +5.78e-01 +5.4e+00
      7 -6.2e-03 +4.57e+00 SWC +7.9e-02 +7.6e-02 +7.73e-01 +1.2e+01
      8 -1.7e-02 +2.21e+00 SWC +1.3e-01 +6.2e-02 +9.35e-01 +2.0e+01
      9 -1.8e-02 +1.60e+00 SWC +1.3e-01 +5.8e-02 +7.35e-01 +1.6e+01
     10 -3.7e-03 +4.00e+00 SWC +6.1e-02 +4.7e-02 +9.54e-01 +2.9e+01
     11 -9.9e-03 +2.59e+00 SWC +1.0e-01 +4.5e-02 +8.52e-01 +2.7e+01
     12 -7.8e-03 +2.54e+00 SWC +8.8e-02 +4.0e-02 +8.48e-01 +3.2e+01
     13 -4.7e-03 +1.99e+00 SWC +6.8e-02 +3.6e-02 +8.09e-01 +3.6e+01
     14 -9.7e-04 +1.29e+00 SWC +3.1e-02 +3.2e-02 +9.41e-01 +5.1e+01
     15 -6.4e-04 +2.63e+00 <10^-3 +2.5e-02 +3.1e-02 +9.07e-01 +5.2e+01
     16 -5.5e-04 +3.93e+00 SWC +2.3e-02 +2.9e-02 +8.70e-01 +5.6e+01
     17 -4.5e-04 +5.63e+00 SWC +2.1e-02 +2.7e-02 +8.27e-01 +6.1e+01
     18 -3.6e-04 +5.69e+00 SWC +1.9e-02 +2.5e-02 +8.38e-01 +7.4e+01
     19 -3.2e-04 +1.38e+01 SWC +1.8e-02 +2.3e-02 +7.49e-01 +7.9e+01
     20 -9.9e-04 +4.52e+00 SWC +3.2e-02 +2.1e-02 +8.17e-01 +1.2e+02
     21 -5.5e-04 +4.85e+00 SWC +2.3e-02 +1.9e-02 +8.35e-01 +1.4e+02
     22 -3.4e-04 +5.66e+00 SWC +1.9e-02 +1.9e-02 +8.43e-01 +1.7e+02
     23 -2.9e-04 +5.31e+00 SWC +1.7e-02 +1.8e-02 +8.23e-01 +2.0e+02
     24 -2.0e-04 +9.30e+00 SWC +1.4e-02 +1.7e-02 +8.40e-01 +2.5e+02
     25 -3.9e-04 +5.48e+00 SWC +2.0e-02 +1.7e-02 +7.19e-01 +2.6e+02
     26 -1.9e-04 +5.96e+00 SWC +1.4e-02 +1.6e-02 +7.32e-01 +3.6e+02
     27 -1.2e-04 +1.00e+01 SWC +1.1e-02 +1.5e-02 +6.73e-01 +4.6e+02
     28 -2.0e-04 +8.99e+00 SWC +1.4e-02 +1.5e-02 +6.78e-01 +6.8e+02
     29 -2.8e-04 +5.69e+00 SWC +1.7e-02 +1.4e-02 +6.78e-01 +6.8e+02
     30                        +9.0e-03 +1.4e-02
      k     g'*d        al  AC    ||g||        f         r        M
   la1 = +1.0e+00, lan = +1.0e+00, rUB = +0.00 
   [uosolLog]

tr_acc =

   99.2680


te_acc =

   99.1600

   [uosolLog]
   f  = @(w)nn.L(w,Xtr,ytr)
   epsG = 1.0e-02, maxiter =  100
   iAC = 4 (NW32)
      c1 = 0.01, c2 = 0.90
   isd = 3 (BFGS)
   ek = fk-f*
      k     g'*d        al  AC   la1(H)     k(H)  cos(th)    ||g||        f         r        M
      1 -5.8e-02 +2.52e-01 SWC +1.0e+00 +1.0e+00 +1.0e+00 +2.4e-01 +2.5e-01 +9.43e-01 +3.9e+00
      2 -2.0e-01 +3.57e-01 SWC +5.2e-01 +8.3e+00 +9.8e-01 +2.2e-01 +2.4e-01 +7.32e-01 +3.2e+00
      3 -1.8e-01 +2.66e-01 SWC +4.2e-01 +1.7e+01 +9.8e-01 +1.6e-01 +1.7e-01 +7.41e-01 +4.4e+00
      4 -1.3e-01 +1.57e-01 SWC +4.1e-01 +2.0e+01 +9.3e-01 +1.4e-01 +1.3e-01 +8.44e-01 +6.8e+00
      5 -1.1e-01 +2.41e-01 SWC +4.1e-01 +2.2e+01 +9.3e-01 +1.2e-01 +1.1e-01 +7.76e-01 +7.4e+00
      6 -7.7e-02 +1.91e-01 SWC +4.1e-01 +2.5e+01 +9.3e-01 +9.3e-02 +8.9e-02 +8.34e-01 +1.0e+01
      7 -6.3e-02 +3.81e-01 SWC +4.1e-01 +3.0e+01 +9.3e-01 +7.8e-02 +7.5e-02 +7.00e-01 +1.0e+01
      8 -3.9e-02 +7.13e-01 SWC +4.1e-01 +3.7e+01 +9.4e-01 +5.3e-02 +5.5e-02 +5.64e-01 +1.2e+01
      9 -1.8e-02 +1.71e+00 SWC +4.1e-01 +5.8e+01 +9.5e-01 +2.9e-02 +3.4e-02 +3.43e-01 +1.3e+01
     10 -4.0e-03 +1.94e+00 SWC +4.1e-01 +1.4e+02 +5.4e-01 +1.5e-02 +1.7e-02 +4.46e-01 +4.9e+01
     11 -2.3e-03 +4.90e+00 SWC +4.1e-01 +4.5e+02 +2.5e-01 +1.4e-02 +1.2e-02 +4.46e-01 +4.9e+01
     12                                                   +9.8e-03 +7.8e-03
      k     g'*d        al  AC   la1(H)     k(H)  cos(th)    ||g||        f         r        M
   [uosolLog]

tr_acc =

   99.0280


te_acc =

   98.9200

   [uosolLog]
   f  = @(w)nn.L(w,Xtr,ytr)
   epsG = 1.0e-02, maxiter =  100
   iAC = 4 (NW32)
      c1 = 0.01, c2 = 0.90
   isd = 1 (GM)
   ek = fk-f*
      k     g'*d        al  AC    ||g||        f         r        M
      1 -5.8e-02 +2.52e-01 SWC +2.4e-01 +2.5e-01 +8.99e-01 +6.6e+00
      2 -4.6e-02 +3.44e-01 SWC +2.1e-01 +2.4e-01 +8.79e-01 +7.1e+00
      3 -3.7e-02 +6.12e-01 SWC +1.9e-01 +2.2e-01 +8.06e-01 +7.5e+00
      4 -2.8e-02 +1.21e+00 SWC +1.7e-01 +2.0e-01 +6.45e-01 +7.4e+00
      5 -1.8e-02 +2.13e+00 SWC +1.3e-01 +1.7e-01 +4.47e-01 +7.9e+00
      6 -7.4e-03 +4.59e+00 SWC +8.6e-02 +1.4e-01 +1.35e-01 +5.4e+00
      7 -1.4e-03 +2.08e+00 SWC +3.8e-02 +1.2e-01 +7.22e-01 +2.1e+02
      8 -2.4e-03 +1.53e+00 SWC +4.9e-02 +1.2e-01 +7.57e-01 +3.1e+02
      9 -2.2e-03 +1.18e+00 SWC +4.7e-02 +1.2e-01 +5.13e-01 +2.8e+02
     10 -7.0e-04 +1.59e+00 SWC +2.6e-02 +1.1e-01 +6.86e-01 +7.2e+02
     11 -6.5e-04 +1.70e+00 SWC +2.5e-02 +1.1e-01 +7.46e-01 +1.1e+03
     12 -7.5e-04 +1.63e+00 SWC +2.7e-02 +1.1e-01 +7.65e-01 +1.6e+03
     13 -7.6e-04 +1.42e+00 SWC +2.8e-02 +1.1e-01 +4.41e-01 +1.2e+03
     14 -4.5e-04 +3.31e-01 SWC +2.1e-02 +1.1e-01 +2.71e-01 +1.6e+03
     15 -1.8e-04 +1.64e-01 SWC +1.3e-02 +1.1e-01 +3.92e-01 +8.8e+03
     16 -1.3e-04 +1.47e-01 SWC +1.1e-02 +1.1e-01 +3.92e-01 +8.8e+03
     17                        +9.9e-03 +1.1e-01
      k     g'*d        al  AC    ||g||        f         r        M
   la1 = +1.0e+00, lan = +1.0e+00, rUB = +0.00 
   [uosolLog]

tr_acc =

   99.1400


te_acc =

   99.0800

   [uosolLog]
   f  = @(w)nn.L(w,Xtr,ytr)
   epsG = 1.0e-02, maxiter =  100
   iAC = 4 (NW32)
      c1 = 0.01, c2 = 0.90
   isd = 3 (BFGS)
   ek = fk-f*
      k     g'*d        al  AC   la1(H)     k(H)  cos(th)    ||g||        f         r        M
      1 -5.8e-02 +2.52e-01 SWC +1.0e+00 +1.0e+00 +1.0e+00 +2.4e-01 +2.5e-01 +8.99e-01 +6.6e+00
      2 -1.7e-01 +3.61e-01 SWC +5.4e-01 +7.1e+00 +9.8e-01 +2.1e-01 +2.4e-01 +5.82e-01 +4.7e+00
      3 -1.3e-01 +2.72e-01 SWC +4.5e-01 +1.2e+01 +1.0e+00 +1.5e-01 +1.8e-01 +5.85e-01 +8.2e+00
      4 -7.5e-02 +1.61e-01 SWC +4.5e-01 +1.3e+01 +9.8e-01 +1.2e-01 +1.6e-01 +7.35e-01 +1.8e+01
      5 -5.5e-02 +2.48e-01 SWC +4.5e-01 +1.3e+01 +9.8e-01 +9.8e-02 +1.4e-01 +6.09e-01 +2.0e+01
      6 -3.3e-02 +1.98e-01 SWC +4.5e-01 +1.4e+01 +9.8e-01 +7.5e-02 +1.3e-01 +6.82e-01 +3.6e+01
      7 -2.3e-02 +3.97e-01 SWC +4.5e-01 +1.5e+01 +9.8e-01 +6.1e-02 +1.3e-01 +4.21e-01 +3.3e+01
      8 -9.6e-03 +7.52e-01 SWC +4.5e-01 +1.5e+01 +9.8e-01 +3.8e-02 +1.2e-01 +1.28e-01 +2.4e+01
      9 -1.1e-03 +1.84e+00 SWC +4.5e-01 +1.7e+01 +8.8e-01 +1.4e-02 +1.1e-01 +4.19e-01 +6.1e+02
     10 -4.9e-04 +1.17e+00 SWC +4.5e-01 +1.9e+01 +7.2e-01 +1.2e-02 +1.1e-01 +4.19e-01 +6.1e+02
     11                                                   +7.1e-03 +1.1e-01
      k     g'*d        al  AC   la1(H)     k(H)  cos(th)    ||g||        f         r        M
   [uosolLog]

tr_acc =

   99.1120


te_acc =

    99

   [uosolLog]
   f  = @(w)nn.L(w,Xtr,ytr)
   epsG = 1.0e-02, maxiter =  100
   iAC = 4 (NW32)
      c1 = 0.01, c2 = 0.90
   isd = 1 (GM)
   ek = fk-f*
      k     g'*d        al  AC    ||g||        f         r        M
      1 -5.8e-02 +2.52e-01 SWC +2.4e-01 +2.5e-01 +8.68e-01 +8.3e+00
      2 -4.5e-02 +3.46e-01 SWC +2.1e-01 +2.4e-01 +8.41e-01 +9.3e+00
      3 -3.4e-02 +6.21e-01 SWC +1.9e-01 +2.2e-01 +7.44e-01 +9.8e+00
      4 -2.5e-02 +4.71e-01 SWC +1.6e-01 +2.0e-01 +8.05e-01 +1.4e+01
      5 -2.0e-02 +9.04e-01 SWC +1.4e-01 +1.9e-01 +6.45e-01 +1.4e+01
      6 -1.3e-02 +1.58e+00 SWC +1.1e-01 +1.8e-01 +4.36e-01 +1.5e+01
      7 -5.4e-03 +3.38e+00 SWC +7.4e-02 +1.6e-01 +8.62e-02 +6.7e+00
      8 -4.9e-04 +3.24e+00 SWC +2.2e-02 +1.5e-01 +8.62e-02 +6.7e+00
      9                        +9.0e-03 +1.5e-01
      k     g'*d        al  AC    ||g||        f         r        M
   la1 = +1.0e+00, lan = +1.0e+00, rUB = +0.00 
   [uosolLog]

tr_acc =

   99.0240


te_acc =

   98.9600

   [uosolLog]
   f  = @(w)nn.L(w,Xtr,ytr)
   epsG = 1.0e-02, maxiter =  100
   iAC = 4 (NW32)
      c1 = 0.01, c2 = 0.90
   isd = 3 (BFGS)
   ek = fk-f*
      k     g'*d        al  AC   la1(H)     k(H)  cos(th)    ||g||        f         r        M
      1 -5.8e-02 +2.52e-01 SWC +1.0e+00 +1.0e+00 +1.0e+00 +2.4e-01 +2.5e-01 +8.68e-01 +8.3e+00
      2 -1.4e-01 +3.63e-01 SWC +5.5e-01 +6.1e+00 +9.8e-01 +2.1e-01 +2.4e-01 +5.16e-01 +5.7e+00
      3 -9.0e-02 +2.76e-01 SWC +4.9e-01 +9.1e+00 +1.0e+00 +1.4e-01 +1.9e-01 +5.41e-01 +1.2e+01
      4 -4.9e-02 +1.64e-01 SWC +4.8e-01 +9.4e+00 +1.0e+00 +1.0e-01 +1.7e-01 +7.09e-01 +2.8e+01
      5 -3.5e-02 +2.53e-01 SWC +4.8e-01 +9.4e+00 +1.0e+00 +8.8e-02 +1.6e-01 +5.72e-01 +3.2e+01
      6 -2.0e-02 +2.02e-01 SWC +4.8e-01 +9.6e+00 +1.0e+00 +6.6e-02 +1.6e-01 +6.46e-01 +6.3e+01
      7 -1.3e-02 +4.07e-01 SWC +4.8e-01 +9.8e+00 +1.0e+00 +5.3e-02 +1.5e-01 +3.57e-01 +5.4e+01
      8 -4.9e-03 +7.76e-01 SWC +4.8e-01 +1.0e+01 +1.0e+00 +3.2e-02 +1.5e-01 +3.57e-01 +5.4e+01
      9                                                   +9.3e-03 +1.5e-01
      k     g'*d        al  AC   la1(H)     k(H)  cos(th)    ||g||        f         r        M
   [uosolLog]

tr_acc =

   99.0080


te_acc =

   98.9200

[uo_nn_batch]  Stops, wall time =  196.2 s.
